2018-05-26 16:08:16.476 19502 INFO migrate.versioning.api [-] 0 -> 1... 
2018-05-26 16:08:16.542 19502 INFO migrate.versioning.api [-] done
2018-05-26 16:08:16.543 19502 INFO migrate.versioning.api [-] 1 -> 2... 
2018-05-26 16:08:16.627 19502 INFO migrate.versioning.api [-] done
2018-05-26 16:08:16.627 19502 INFO migrate.versioning.api [-] 2 -> 3... 
2018-05-26 16:08:16.696 19502 INFO migrate.versioning.api [-] done
2018-05-26 16:08:16.696 19502 INFO migrate.versioning.api [-] 3 -> 4... 
2018-05-26 16:08:16.756 19502 INFO migrate.versioning.api [-] done
2018-05-26 16:08:16.756 19502 INFO migrate.versioning.api [-] 4 -> 5... 
2018-05-26 16:08:16.909 19502 INFO migrate.versioning.api [-] done
2018-05-26 16:08:16.909 19502 INFO migrate.versioning.api [-] 5 -> 6... 
2018-05-26 16:08:17.008 19502 INFO migrate.versioning.api [-] done
2018-05-26 16:08:17.008 19502 INFO migrate.versioning.api [-] 6 -> 7... 
2018-05-26 16:08:17.098 19502 INFO migrate.versioning.api [-] done
2018-05-26 16:08:17.098 19502 INFO migrate.versioning.api [-] 7 -> 8... 
2018-05-26 16:08:17.106 19502 INFO migrate.versioning.api [-] done
2018-05-26 16:08:17.107 19502 INFO migrate.versioning.api [-] 8 -> 9... 
2018-05-26 16:08:17.115 19502 INFO migrate.versioning.api [-] done
2018-05-26 16:08:17.115 19502 INFO migrate.versioning.api [-] 9 -> 10... 
2018-05-26 16:08:17.123 19502 INFO migrate.versioning.api [-] done
2018-05-26 16:08:17.124 19502 INFO migrate.versioning.api [-] 10 -> 11... 
2018-05-26 16:08:17.132 19502 INFO migrate.versioning.api [-] done
2018-05-26 16:08:17.132 19502 INFO migrate.versioning.api [-] 11 -> 12... 
2018-05-26 16:08:17.141 19502 INFO migrate.versioning.api [-] done
2018-05-26 16:08:17.141 19502 INFO migrate.versioning.api [-] 12 -> 13... 
2018-05-26 16:08:17.303 19502 INFO migrate.versioning.api [-] done
2018-05-26 16:08:17.303 19502 INFO migrate.versioning.api [-] 13 -> 14... 
2018-05-26 16:08:17.355 19502 INFO migrate.versioning.api [-] done
2018-05-26 16:08:17.355 19502 INFO migrate.versioning.api [-] 14 -> 15... 
2018-05-26 16:08:17.657 19502 INFO migrate.versioning.api [-] done
2018-05-26 16:08:17.657 19502 INFO migrate.versioning.api [-] 15 -> 16... 
2018-05-26 16:08:18.022 19502 INFO migrate.versioning.api [-] done
2018-05-26 16:08:18.023 19502 INFO migrate.versioning.api [-] 16 -> 17... 
2018-05-26 16:08:18.247 19502 INFO migrate.versioning.api [-] done
2018-05-26 16:08:18.248 19502 INFO migrate.versioning.api [-] 17 -> 18... 
2018-05-26 16:08:18.432 19502 INFO migrate.versioning.api [-] done
2018-05-26 16:08:18.432 19502 INFO migrate.versioning.api [-] 18 -> 19... 
2018-05-26 16:08:18.505 19502 INFO migrate.versioning.api [-] done
2018-05-26 16:08:18.505 19502 INFO migrate.versioning.api [-] 19 -> 20... 
2018-05-26 16:08:18.607 19502 INFO migrate.versioning.api [-] done
2018-05-26 16:08:18.607 19502 INFO migrate.versioning.api [-] 20 -> 21... 
2018-05-26 16:08:18.615 19502 INFO migrate.versioning.api [-] done
2018-05-26 16:08:18.615 19502 INFO migrate.versioning.api [-] 21 -> 22... 
2018-05-26 16:08:18.623 19502 INFO migrate.versioning.api [-] done
2018-05-26 16:08:18.624 19502 INFO migrate.versioning.api [-] 22 -> 23... 
2018-05-26 16:08:18.632 19502 INFO migrate.versioning.api [-] done
2018-05-26 16:08:18.632 19502 INFO migrate.versioning.api [-] 23 -> 24... 
2018-05-26 16:08:18.641 19502 INFO migrate.versioning.api [-] done
2018-05-26 16:08:18.641 19502 INFO migrate.versioning.api [-] 24 -> 25... 
2018-05-26 16:08:18.649 19502 INFO migrate.versioning.api [-] done
2018-05-26 16:08:18.649 19502 INFO migrate.versioning.api [-] 25 -> 26... 
2018-05-26 16:08:18.698 19502 INFO migrate.versioning.api [-] done
2018-05-26 16:08:18.698 19502 INFO migrate.versioning.api [-] 26 -> 27... 
2018-05-26 16:08:19.079 19502 INFO migrate.versioning.api [-] done
2018-05-26 16:08:19.079 19502 INFO migrate.versioning.api [-] 27 -> 28... 
2018-05-26 16:08:19.175 19502 INFO migrate.versioning.api [-] done
2018-05-26 16:08:19.175 19502 INFO migrate.versioning.api [-] 28 -> 29... 
2018-05-26 16:08:19.237 19502 INFO migrate.versioning.api [-] done
2018-05-26 16:08:19.237 19502 INFO migrate.versioning.api [-] 29 -> 30... 
2018-05-26 16:08:19.251 19502 INFO migrate.versioning.api [-] done
2018-05-26 16:08:19.251 19502 INFO migrate.versioning.api [-] 30 -> 31... 
2018-05-26 16:08:19.265 19502 INFO migrate.versioning.api [-] done
2018-05-26 16:08:19.265 19502 INFO migrate.versioning.api [-] 31 -> 32... 
2018-05-26 16:08:19.273 19502 INFO migrate.versioning.api [-] done
2018-05-26 16:08:19.274 19502 INFO migrate.versioning.api [-] 32 -> 33... 
2018-05-26 16:08:19.282 19502 INFO migrate.versioning.api [-] done
2018-05-26 16:08:19.282 19502 INFO migrate.versioning.api [-] 33 -> 34... 
2018-05-26 16:08:19.290 19502 INFO migrate.versioning.api [-] done
2018-05-26 16:08:19.291 19502 INFO migrate.versioning.api [-] 34 -> 35... 
2018-05-26 16:08:19.299 19502 INFO migrate.versioning.api [-] done
2018-05-26 16:08:19.299 19502 INFO migrate.versioning.api [-] 35 -> 36... 
2018-05-26 16:08:19.308 19502 INFO migrate.versioning.api [-] done
2018-05-26 16:08:19.308 19502 INFO migrate.versioning.api [-] 36 -> 37... 
2018-05-26 16:08:19.316 19502 INFO migrate.versioning.api [-] done
2018-05-26 16:08:19.316 19502 INFO migrate.versioning.api [-] 37 -> 38... 
2018-05-26 16:08:19.324 19502 INFO migrate.versioning.api [-] done
2018-05-26 16:08:19.325 19502 INFO migrate.versioning.api [-] 38 -> 39... 
2018-05-26 16:08:19.333 19502 INFO migrate.versioning.api [-] done
2018-05-26 16:08:19.333 19502 INFO migrate.versioning.api [-] 39 -> 40... 
2018-05-26 16:08:19.341 19502 INFO migrate.versioning.api [-] done
2018-05-26 16:08:19.341 19502 INFO migrate.versioning.api [-] 40 -> 41... 
2018-05-26 16:08:19.464 19502 INFO migrate.versioning.api [-] done
2018-05-26 16:08:19.464 19502 INFO migrate.versioning.api [-] 41 -> 42... 
2018-05-26 16:08:19.535 19502 INFO migrate.versioning.api [-] done
2018-05-26 16:08:19.535 19502 INFO migrate.versioning.api [-] 42 -> 43... 
2018-05-26 16:08:19.620 19502 INFO migrate.versioning.api [-] done
2018-05-26 16:08:19.620 19502 INFO migrate.versioning.api [-] 43 -> 44... 
2018-05-26 16:08:19.875 19502 INFO migrate.versioning.api [-] done
2018-05-26 16:08:19.875 19502 INFO migrate.versioning.api [-] 44 -> 45... 
2018-05-26 16:08:19.883 19502 INFO migrate.versioning.api [-] done
2018-05-26 16:08:19.883 19502 INFO migrate.versioning.api [-] 45 -> 46... 
2018-05-26 16:08:19.892 19502 INFO migrate.versioning.api [-] done
2018-05-26 16:08:19.892 19502 INFO migrate.versioning.api [-] 46 -> 47... 
2018-05-26 16:08:19.900 19502 INFO migrate.versioning.api [-] done
2018-05-26 16:08:19.900 19502 INFO migrate.versioning.api [-] 47 -> 48... 
2018-05-26 16:08:19.909 19502 INFO migrate.versioning.api [-] done
2018-05-26 16:08:19.909 19502 INFO migrate.versioning.api [-] 48 -> 49... 
2018-05-26 16:08:19.917 19502 INFO migrate.versioning.api [-] done
2018-05-26 16:08:19.917 19502 INFO migrate.versioning.api [-] 49 -> 50... 
2018-05-26 16:08:19.970 19502 INFO migrate.versioning.api [-] done
2018-05-26 16:08:19.970 19502 INFO migrate.versioning.api [-] 50 -> 51... 
2018-05-26 16:08:20.289 19502 INFO migrate.versioning.api [-] done
2018-05-26 16:08:20.289 19502 INFO migrate.versioning.api [-] 51 -> 52... 
2018-05-26 16:08:20.362 19502 INFO migrate.versioning.api [-] done
2018-05-26 16:08:33.729 19552 INFO migrate.versioning.api [req-8489ad7f-ce4d-4189-8188-0ec345b1d586 - - - - -] 215 -> 216... 
2018-05-26 16:08:42.118 19552 INFO migrate.versioning.api [req-8489ad7f-ce4d-4189-8188-0ec345b1d586 - - - - -] done
2018-05-26 16:08:42.119 19552 INFO migrate.versioning.api [req-8489ad7f-ce4d-4189-8188-0ec345b1d586 - - - - -] 216 -> 217... 
2018-05-26 16:08:42.127 19552 INFO migrate.versioning.api [req-8489ad7f-ce4d-4189-8188-0ec345b1d586 - - - - -] done
2018-05-26 16:08:42.127 19552 INFO migrate.versioning.api [req-8489ad7f-ce4d-4189-8188-0ec345b1d586 - - - - -] 217 -> 218... 
2018-05-26 16:08:42.136 19552 INFO migrate.versioning.api [req-8489ad7f-ce4d-4189-8188-0ec345b1d586 - - - - -] done
2018-05-26 16:08:42.136 19552 INFO migrate.versioning.api [req-8489ad7f-ce4d-4189-8188-0ec345b1d586 - - - - -] 218 -> 219... 
2018-05-26 16:08:42.144 19552 INFO migrate.versioning.api [req-8489ad7f-ce4d-4189-8188-0ec345b1d586 - - - - -] done
2018-05-26 16:08:42.144 19552 INFO migrate.versioning.api [req-8489ad7f-ce4d-4189-8188-0ec345b1d586 - - - - -] 219 -> 220... 
2018-05-26 16:08:42.153 19552 INFO migrate.versioning.api [req-8489ad7f-ce4d-4189-8188-0ec345b1d586 - - - - -] done
2018-05-26 16:08:42.153 19552 INFO migrate.versioning.api [req-8489ad7f-ce4d-4189-8188-0ec345b1d586 - - - - -] 220 -> 221... 
2018-05-26 16:08:42.161 19552 INFO migrate.versioning.api [req-8489ad7f-ce4d-4189-8188-0ec345b1d586 - - - - -] done
2018-05-26 16:08:42.161 19552 INFO migrate.versioning.api [req-8489ad7f-ce4d-4189-8188-0ec345b1d586 - - - - -] 221 -> 222... 
2018-05-26 16:08:42.169 19552 INFO migrate.versioning.api [req-8489ad7f-ce4d-4189-8188-0ec345b1d586 - - - - -] done
2018-05-26 16:08:42.170 19552 INFO migrate.versioning.api [req-8489ad7f-ce4d-4189-8188-0ec345b1d586 - - - - -] 222 -> 223... 
2018-05-26 16:08:42.182 19552 INFO migrate.versioning.api [req-8489ad7f-ce4d-4189-8188-0ec345b1d586 - - - - -] done
2018-05-26 16:08:42.182 19552 INFO migrate.versioning.api [req-8489ad7f-ce4d-4189-8188-0ec345b1d586 - - - - -] 223 -> 224... 
2018-05-26 16:08:42.190 19552 INFO migrate.versioning.api [req-8489ad7f-ce4d-4189-8188-0ec345b1d586 - - - - -] done
2018-05-26 16:08:42.190 19552 INFO migrate.versioning.api [req-8489ad7f-ce4d-4189-8188-0ec345b1d586 - - - - -] 224 -> 225... 
2018-05-26 16:08:42.199 19552 INFO migrate.versioning.api [req-8489ad7f-ce4d-4189-8188-0ec345b1d586 - - - - -] done
2018-05-26 16:08:42.199 19552 INFO migrate.versioning.api [req-8489ad7f-ce4d-4189-8188-0ec345b1d586 - - - - -] 225 -> 226... 
2018-05-26 16:08:42.207 19552 INFO migrate.versioning.api [req-8489ad7f-ce4d-4189-8188-0ec345b1d586 - - - - -] done
2018-05-26 16:08:42.207 19552 INFO migrate.versioning.api [req-8489ad7f-ce4d-4189-8188-0ec345b1d586 - - - - -] 226 -> 227... 
2018-05-26 16:08:42.222 19552 INFO migrate.versioning.api [req-8489ad7f-ce4d-4189-8188-0ec345b1d586 - - - - -] done
2018-05-26 16:08:42.222 19552 INFO migrate.versioning.api [req-8489ad7f-ce4d-4189-8188-0ec345b1d586 - - - - -] 227 -> 228... 
2018-05-26 16:08:42.340 19552 INFO migrate.versioning.api [req-8489ad7f-ce4d-4189-8188-0ec345b1d586 - - - - -] done
2018-05-26 16:08:42.340 19552 INFO migrate.versioning.api [req-8489ad7f-ce4d-4189-8188-0ec345b1d586 - - - - -] 228 -> 229... 
2018-05-26 16:08:42.451 19552 INFO migrate.versioning.api [req-8489ad7f-ce4d-4189-8188-0ec345b1d586 - - - - -] done
2018-05-26 16:08:42.451 19552 INFO migrate.versioning.api [req-8489ad7f-ce4d-4189-8188-0ec345b1d586 - - - - -] 229 -> 230... 
2018-05-26 16:08:42.651 19552 INFO migrate.versioning.api [req-8489ad7f-ce4d-4189-8188-0ec345b1d586 - - - - -] done
2018-05-26 16:08:42.651 19552 INFO migrate.versioning.api [req-8489ad7f-ce4d-4189-8188-0ec345b1d586 - - - - -] 230 -> 231... 
2018-05-26 16:08:42.818 19552 INFO migrate.versioning.api [req-8489ad7f-ce4d-4189-8188-0ec345b1d586 - - - - -] done
2018-05-26 16:08:42.818 19552 INFO migrate.versioning.api [req-8489ad7f-ce4d-4189-8188-0ec345b1d586 - - - - -] 231 -> 232... 
2018-05-26 16:08:43.238 19552 INFO migrate.versioning.api [req-8489ad7f-ce4d-4189-8188-0ec345b1d586 - - - - -] done
2018-05-26 16:08:43.238 19552 INFO migrate.versioning.api [req-8489ad7f-ce4d-4189-8188-0ec345b1d586 - - - - -] 232 -> 233... 
2018-05-26 16:08:43.384 19552 INFO migrate.versioning.api [req-8489ad7f-ce4d-4189-8188-0ec345b1d586 - - - - -] done
2018-05-26 16:08:43.385 19552 INFO migrate.versioning.api [req-8489ad7f-ce4d-4189-8188-0ec345b1d586 - - - - -] 233 -> 234... 
2018-05-26 16:08:43.425 19552 INFO migrate.versioning.api [req-8489ad7f-ce4d-4189-8188-0ec345b1d586 - - - - -] done
2018-05-26 16:08:43.425 19552 INFO migrate.versioning.api [req-8489ad7f-ce4d-4189-8188-0ec345b1d586 - - - - -] 234 -> 235... 
2018-05-26 16:08:43.433 19552 INFO migrate.versioning.api [req-8489ad7f-ce4d-4189-8188-0ec345b1d586 - - - - -] done
2018-05-26 16:08:43.433 19552 INFO migrate.versioning.api [req-8489ad7f-ce4d-4189-8188-0ec345b1d586 - - - - -] 235 -> 236... 
2018-05-26 16:08:43.441 19552 INFO migrate.versioning.api [req-8489ad7f-ce4d-4189-8188-0ec345b1d586 - - - - -] done
2018-05-26 16:08:43.441 19552 INFO migrate.versioning.api [req-8489ad7f-ce4d-4189-8188-0ec345b1d586 - - - - -] 236 -> 237... 
2018-05-26 16:08:43.449 19552 INFO migrate.versioning.api [req-8489ad7f-ce4d-4189-8188-0ec345b1d586 - - - - -] done
2018-05-26 16:08:43.449 19552 INFO migrate.versioning.api [req-8489ad7f-ce4d-4189-8188-0ec345b1d586 - - - - -] 237 -> 238... 
2018-05-26 16:08:43.456 19552 INFO migrate.versioning.api [req-8489ad7f-ce4d-4189-8188-0ec345b1d586 - - - - -] done
2018-05-26 16:08:43.457 19552 INFO migrate.versioning.api [req-8489ad7f-ce4d-4189-8188-0ec345b1d586 - - - - -] 238 -> 239... 
2018-05-26 16:08:43.464 19552 INFO migrate.versioning.api [req-8489ad7f-ce4d-4189-8188-0ec345b1d586 - - - - -] done
2018-05-26 16:08:43.465 19552 INFO migrate.versioning.api [req-8489ad7f-ce4d-4189-8188-0ec345b1d586 - - - - -] 239 -> 240... 
2018-05-26 16:08:43.472 19552 INFO migrate.versioning.api [req-8489ad7f-ce4d-4189-8188-0ec345b1d586 - - - - -] done
2018-05-26 16:08:43.472 19552 INFO migrate.versioning.api [req-8489ad7f-ce4d-4189-8188-0ec345b1d586 - - - - -] 240 -> 241... 
2018-05-26 16:08:43.480 19552 INFO migrate.versioning.api [req-8489ad7f-ce4d-4189-8188-0ec345b1d586 - - - - -] done
2018-05-26 16:08:43.481 19552 INFO migrate.versioning.api [req-8489ad7f-ce4d-4189-8188-0ec345b1d586 - - - - -] 241 -> 242... 
2018-05-26 16:08:43.492 19552 INFO migrate.versioning.api [req-8489ad7f-ce4d-4189-8188-0ec345b1d586 - - - - -] done
2018-05-26 16:08:43.492 19552 INFO migrate.versioning.api [req-8489ad7f-ce4d-4189-8188-0ec345b1d586 - - - - -] 242 -> 243... 
2018-05-26 16:08:43.501 19552 INFO migrate.versioning.api [req-8489ad7f-ce4d-4189-8188-0ec345b1d586 - - - - -] done
2018-05-26 16:08:43.501 19552 INFO migrate.versioning.api [req-8489ad7f-ce4d-4189-8188-0ec345b1d586 - - - - -] 243 -> 244... 
2018-05-26 16:08:43.578 19552 INFO migrate.versioning.api [req-8489ad7f-ce4d-4189-8188-0ec345b1d586 - - - - -] done
2018-05-26 16:08:43.579 19552 INFO migrate.versioning.api [req-8489ad7f-ce4d-4189-8188-0ec345b1d586 - - - - -] 244 -> 245... 
2018-05-26 16:08:44.033 19552 INFO migrate.versioning.api [req-8489ad7f-ce4d-4189-8188-0ec345b1d586 - - - - -] done
2018-05-26 16:08:44.033 19552 INFO migrate.versioning.api [req-8489ad7f-ce4d-4189-8188-0ec345b1d586 - - - - -] 245 -> 246... 
2018-05-26 16:08:44.132 19552 INFO migrate.versioning.api [req-8489ad7f-ce4d-4189-8188-0ec345b1d586 - - - - -] done
2018-05-26 16:08:44.132 19552 INFO migrate.versioning.api [req-8489ad7f-ce4d-4189-8188-0ec345b1d586 - - - - -] 246 -> 247... 
2018-05-26 16:08:44.398 19552 INFO migrate.versioning.api [req-8489ad7f-ce4d-4189-8188-0ec345b1d586 - - - - -] done
2018-05-26 16:08:44.398 19552 INFO migrate.versioning.api [req-8489ad7f-ce4d-4189-8188-0ec345b1d586 - - - - -] 247 -> 248... 
2018-05-26 16:08:44.407 19552 INFO 248_add_expire_reservations_index [req-8489ad7f-ce4d-4189-8188-0ec345b1d586 - - - - -] Skipped adding reservations_deleted_expire_idx because an equivalent index already exists.
2018-05-26 16:08:44.415 19552 INFO migrate.versioning.api [req-8489ad7f-ce4d-4189-8188-0ec345b1d586 - - - - -] done
2018-05-26 16:08:44.415 19552 INFO migrate.versioning.api [req-8489ad7f-ce4d-4189-8188-0ec345b1d586 - - - - -] 248 -> 249... 
2018-05-26 16:08:44.452 19552 INFO migrate.versioning.api [req-8489ad7f-ce4d-4189-8188-0ec345b1d586 - - - - -] done
2018-05-26 16:08:44.452 19552 INFO migrate.versioning.api [req-8489ad7f-ce4d-4189-8188-0ec345b1d586 - - - - -] 249 -> 250... 
2018-05-26 16:08:44.504 19552 INFO migrate.versioning.api [req-8489ad7f-ce4d-4189-8188-0ec345b1d586 - - - - -] done
2018-05-26 16:08:44.504 19552 INFO migrate.versioning.api [req-8489ad7f-ce4d-4189-8188-0ec345b1d586 - - - - -] 250 -> 251... 
2018-05-26 16:08:44.605 19552 INFO migrate.versioning.api [req-8489ad7f-ce4d-4189-8188-0ec345b1d586 - - - - -] done
2018-05-26 16:08:44.605 19552 INFO migrate.versioning.api [req-8489ad7f-ce4d-4189-8188-0ec345b1d586 - - - - -] 251 -> 252... 
2018-05-26 16:08:44.795 19552 INFO migrate.versioning.api [req-8489ad7f-ce4d-4189-8188-0ec345b1d586 - - - - -] done
2018-05-26 16:08:44.795 19552 INFO migrate.versioning.api [req-8489ad7f-ce4d-4189-8188-0ec345b1d586 - - - - -] 252 -> 253... 
2018-05-26 16:08:44.902 19552 INFO migrate.versioning.api [req-8489ad7f-ce4d-4189-8188-0ec345b1d586 - - - - -] done
2018-05-26 16:08:44.902 19552 INFO migrate.versioning.api [req-8489ad7f-ce4d-4189-8188-0ec345b1d586 - - - - -] 253 -> 254... 
2018-05-26 16:08:45.020 19552 INFO migrate.versioning.api [req-8489ad7f-ce4d-4189-8188-0ec345b1d586 - - - - -] done
2018-05-26 16:08:45.020 19552 INFO migrate.versioning.api [req-8489ad7f-ce4d-4189-8188-0ec345b1d586 - - - - -] 254 -> 255... 
2018-05-26 16:08:45.029 19552 INFO migrate.versioning.api [req-8489ad7f-ce4d-4189-8188-0ec345b1d586 - - - - -] done
2018-05-26 16:08:45.029 19552 INFO migrate.versioning.api [req-8489ad7f-ce4d-4189-8188-0ec345b1d586 - - - - -] 255 -> 256... 
2018-05-26 16:08:45.037 19552 INFO migrate.versioning.api [req-8489ad7f-ce4d-4189-8188-0ec345b1d586 - - - - -] done
2018-05-26 16:08:45.038 19552 INFO migrate.versioning.api [req-8489ad7f-ce4d-4189-8188-0ec345b1d586 - - - - -] 256 -> 257... 
2018-05-26 16:08:45.046 19552 INFO migrate.versioning.api [req-8489ad7f-ce4d-4189-8188-0ec345b1d586 - - - - -] done
2018-05-26 16:08:45.046 19552 INFO migrate.versioning.api [req-8489ad7f-ce4d-4189-8188-0ec345b1d586 - - - - -] 257 -> 258... 
2018-05-26 16:08:45.055 19552 INFO migrate.versioning.api [req-8489ad7f-ce4d-4189-8188-0ec345b1d586 - - - - -] done
2018-05-26 16:08:45.055 19552 INFO migrate.versioning.api [req-8489ad7f-ce4d-4189-8188-0ec345b1d586 - - - - -] 258 -> 259... 
2018-05-26 16:08:45.064 19552 INFO migrate.versioning.api [req-8489ad7f-ce4d-4189-8188-0ec345b1d586 - - - - -] done
2018-05-26 16:08:45.065 19552 INFO migrate.versioning.api [req-8489ad7f-ce4d-4189-8188-0ec345b1d586 - - - - -] 259 -> 260... 
2018-05-26 16:08:45.073 19552 INFO migrate.versioning.api [req-8489ad7f-ce4d-4189-8188-0ec345b1d586 - - - - -] done
2018-05-26 16:08:45.073 19552 INFO migrate.versioning.api [req-8489ad7f-ce4d-4189-8188-0ec345b1d586 - - - - -] 260 -> 261... 
2018-05-26 16:08:45.082 19552 INFO migrate.versioning.api [req-8489ad7f-ce4d-4189-8188-0ec345b1d586 - - - - -] done
2018-05-26 16:08:45.082 19552 INFO migrate.versioning.api [req-8489ad7f-ce4d-4189-8188-0ec345b1d586 - - - - -] 261 -> 262... 
2018-05-26 16:08:45.091 19552 INFO migrate.versioning.api [req-8489ad7f-ce4d-4189-8188-0ec345b1d586 - - - - -] done
2018-05-26 16:08:45.091 19552 INFO migrate.versioning.api [req-8489ad7f-ce4d-4189-8188-0ec345b1d586 - - - - -] 262 -> 263... 
2018-05-26 16:08:45.100 19552 INFO migrate.versioning.api [req-8489ad7f-ce4d-4189-8188-0ec345b1d586 - - - - -] done
2018-05-26 16:08:45.100 19552 INFO migrate.versioning.api [req-8489ad7f-ce4d-4189-8188-0ec345b1d586 - - - - -] 263 -> 264... 
2018-05-26 16:08:45.109 19552 INFO migrate.versioning.api [req-8489ad7f-ce4d-4189-8188-0ec345b1d586 - - - - -] done
2018-05-26 16:08:45.109 19552 INFO migrate.versioning.api [req-8489ad7f-ce4d-4189-8188-0ec345b1d586 - - - - -] 264 -> 265... 
2018-05-26 16:08:45.161 19552 INFO migrate.versioning.api [req-8489ad7f-ce4d-4189-8188-0ec345b1d586 - - - - -] done
2018-05-26 16:08:45.161 19552 INFO migrate.versioning.api [req-8489ad7f-ce4d-4189-8188-0ec345b1d586 - - - - -] 265 -> 266... 
2018-05-26 16:08:45.219 19552 INFO migrate.versioning.api [req-8489ad7f-ce4d-4189-8188-0ec345b1d586 - - - - -] done
2018-05-26 16:08:45.219 19552 INFO migrate.versioning.api [req-8489ad7f-ce4d-4189-8188-0ec345b1d586 - - - - -] 266 -> 267... 
2018-05-26 16:08:45.742 19552 INFO migrate.versioning.api [req-8489ad7f-ce4d-4189-8188-0ec345b1d586 - - - - -] done
2018-05-26 16:08:45.743 19552 INFO migrate.versioning.api [req-8489ad7f-ce4d-4189-8188-0ec345b1d586 - - - - -] 267 -> 268... 
2018-05-26 16:08:45.867 19552 INFO migrate.versioning.api [req-8489ad7f-ce4d-4189-8188-0ec345b1d586 - - - - -] done
2018-05-26 16:08:45.868 19552 INFO migrate.versioning.api [req-8489ad7f-ce4d-4189-8188-0ec345b1d586 - - - - -] 268 -> 269... 
2018-05-26 16:08:46.002 19552 INFO migrate.versioning.api [req-8489ad7f-ce4d-4189-8188-0ec345b1d586 - - - - -] done
2018-05-26 16:08:46.003 19552 INFO migrate.versioning.api [req-8489ad7f-ce4d-4189-8188-0ec345b1d586 - - - - -] 269 -> 270... 
2018-05-26 16:08:46.124 19552 INFO migrate.versioning.api [req-8489ad7f-ce4d-4189-8188-0ec345b1d586 - - - - -] done
2018-05-26 16:08:46.125 19552 INFO migrate.versioning.api [req-8489ad7f-ce4d-4189-8188-0ec345b1d586 - - - - -] 270 -> 271... 
2018-05-26 16:08:46.246 19552 INFO migrate.versioning.api [req-8489ad7f-ce4d-4189-8188-0ec345b1d586 - - - - -] done
2018-05-26 16:08:46.247 19552 INFO migrate.versioning.api [req-8489ad7f-ce4d-4189-8188-0ec345b1d586 - - - - -] 271 -> 272... 
2018-05-26 16:08:46.255 19552 INFO migrate.versioning.api [req-8489ad7f-ce4d-4189-8188-0ec345b1d586 - - - - -] done
2018-05-26 16:08:46.255 19552 INFO migrate.versioning.api [req-8489ad7f-ce4d-4189-8188-0ec345b1d586 - - - - -] 272 -> 273... 
2018-05-26 16:08:46.264 19552 INFO migrate.versioning.api [req-8489ad7f-ce4d-4189-8188-0ec345b1d586 - - - - -] done
2018-05-26 16:08:46.264 19552 INFO migrate.versioning.api [req-8489ad7f-ce4d-4189-8188-0ec345b1d586 - - - - -] 273 -> 274... 
2018-05-26 16:08:46.321 19552 INFO migrate.versioning.api [req-8489ad7f-ce4d-4189-8188-0ec345b1d586 - - - - -] done
2018-05-26 16:08:46.321 19552 INFO migrate.versioning.api [req-8489ad7f-ce4d-4189-8188-0ec345b1d586 - - - - -] 274 -> 275... 
2018-05-26 16:08:46.427 19552 INFO migrate.versioning.api [req-8489ad7f-ce4d-4189-8188-0ec345b1d586 - - - - -] done
2018-05-26 16:08:46.427 19552 INFO migrate.versioning.api [req-8489ad7f-ce4d-4189-8188-0ec345b1d586 - - - - -] 275 -> 276... 
2018-05-26 16:08:46.543 19552 INFO migrate.versioning.api [req-8489ad7f-ce4d-4189-8188-0ec345b1d586 - - - - -] done
2018-05-26 16:08:46.543 19552 INFO migrate.versioning.api [req-8489ad7f-ce4d-4189-8188-0ec345b1d586 - - - - -] 276 -> 277... 
2018-05-26 16:08:46.587 19552 INFO migrate.versioning.api [req-8489ad7f-ce4d-4189-8188-0ec345b1d586 - - - - -] done
2018-05-26 16:08:46.587 19552 INFO migrate.versioning.api [req-8489ad7f-ce4d-4189-8188-0ec345b1d586 - - - - -] 277 -> 278... 
2018-05-26 16:08:46.717 19552 INFO migrate.versioning.api [req-8489ad7f-ce4d-4189-8188-0ec345b1d586 - - - - -] done
2018-05-26 16:08:46.718 19552 INFO migrate.versioning.api [req-8489ad7f-ce4d-4189-8188-0ec345b1d586 - - - - -] 278 -> 279... 
2018-05-26 16:08:46.763 19552 INFO migrate.versioning.api [req-8489ad7f-ce4d-4189-8188-0ec345b1d586 - - - - -] done
2018-05-26 16:08:46.764 19552 INFO migrate.versioning.api [req-8489ad7f-ce4d-4189-8188-0ec345b1d586 - - - - -] 279 -> 280... 
2018-05-26 16:08:46.852 19552 INFO migrate.versioning.api [req-8489ad7f-ce4d-4189-8188-0ec345b1d586 - - - - -] done
2018-05-26 16:08:46.852 19552 INFO migrate.versioning.api [req-8489ad7f-ce4d-4189-8188-0ec345b1d586 - - - - -] 280 -> 281... 
2018-05-26 16:08:46.861 19552 INFO migrate.versioning.api [req-8489ad7f-ce4d-4189-8188-0ec345b1d586 - - - - -] done
2018-05-26 16:08:46.862 19552 INFO migrate.versioning.api [req-8489ad7f-ce4d-4189-8188-0ec345b1d586 - - - - -] 281 -> 282... 
2018-05-26 16:08:46.870 19552 INFO migrate.versioning.api [req-8489ad7f-ce4d-4189-8188-0ec345b1d586 - - - - -] done
2018-05-26 16:08:46.870 19552 INFO migrate.versioning.api [req-8489ad7f-ce4d-4189-8188-0ec345b1d586 - - - - -] 282 -> 283... 
2018-05-26 16:08:46.879 19552 INFO migrate.versioning.api [req-8489ad7f-ce4d-4189-8188-0ec345b1d586 - - - - -] done
2018-05-26 16:08:46.879 19552 INFO migrate.versioning.api [req-8489ad7f-ce4d-4189-8188-0ec345b1d586 - - - - -] 283 -> 284... 
2018-05-26 16:08:46.888 19552 INFO migrate.versioning.api [req-8489ad7f-ce4d-4189-8188-0ec345b1d586 - - - - -] done
2018-05-26 16:08:46.888 19552 INFO migrate.versioning.api [req-8489ad7f-ce4d-4189-8188-0ec345b1d586 - - - - -] 284 -> 285... 
2018-05-26 16:08:46.896 19552 INFO migrate.versioning.api [req-8489ad7f-ce4d-4189-8188-0ec345b1d586 - - - - -] done
2018-05-26 16:08:46.897 19552 INFO migrate.versioning.api [req-8489ad7f-ce4d-4189-8188-0ec345b1d586 - - - - -] 285 -> 286... 
2018-05-26 16:08:46.905 19552 INFO migrate.versioning.api [req-8489ad7f-ce4d-4189-8188-0ec345b1d586 - - - - -] done
2018-05-26 16:08:46.905 19552 INFO migrate.versioning.api [req-8489ad7f-ce4d-4189-8188-0ec345b1d586 - - - - -] 286 -> 287... 
2018-05-26 16:08:46.913 19552 INFO migrate.versioning.api [req-8489ad7f-ce4d-4189-8188-0ec345b1d586 - - - - -] done
2018-05-26 16:08:46.913 19552 INFO migrate.versioning.api [req-8489ad7f-ce4d-4189-8188-0ec345b1d586 - - - - -] 287 -> 288... 
2018-05-26 16:08:46.922 19552 INFO migrate.versioning.api [req-8489ad7f-ce4d-4189-8188-0ec345b1d586 - - - - -] done
2018-05-26 16:08:46.922 19552 INFO migrate.versioning.api [req-8489ad7f-ce4d-4189-8188-0ec345b1d586 - - - - -] 288 -> 289... 
2018-05-26 16:08:46.930 19552 INFO migrate.versioning.api [req-8489ad7f-ce4d-4189-8188-0ec345b1d586 - - - - -] done
2018-05-26 16:08:46.931 19552 INFO migrate.versioning.api [req-8489ad7f-ce4d-4189-8188-0ec345b1d586 - - - - -] 289 -> 290... 
2018-05-26 16:08:46.943 19552 INFO migrate.versioning.api [req-8489ad7f-ce4d-4189-8188-0ec345b1d586 - - - - -] done
2018-05-26 16:08:46.944 19552 INFO migrate.versioning.api [req-8489ad7f-ce4d-4189-8188-0ec345b1d586 - - - - -] 290 -> 291... 
2018-05-26 16:08:46.968 19552 INFO migrate.versioning.api [req-8489ad7f-ce4d-4189-8188-0ec345b1d586 - - - - -] done
2018-05-26 16:08:46.969 19552 INFO migrate.versioning.api [req-8489ad7f-ce4d-4189-8188-0ec345b1d586 - - - - -] 291 -> 292... 
2018-05-26 16:08:47.111 19552 INFO migrate.versioning.api [req-8489ad7f-ce4d-4189-8188-0ec345b1d586 - - - - -] done
2018-05-26 16:08:47.111 19552 INFO migrate.versioning.api [req-8489ad7f-ce4d-4189-8188-0ec345b1d586 - - - - -] 292 -> 293... 
2018-05-26 16:08:47.331 19552 INFO migrate.versioning.api [req-8489ad7f-ce4d-4189-8188-0ec345b1d586 - - - - -] done
2018-05-26 16:08:47.332 19552 INFO migrate.versioning.api [req-8489ad7f-ce4d-4189-8188-0ec345b1d586 - - - - -] 293 -> 294... 
2018-05-26 16:08:47.437 19552 INFO migrate.versioning.api [req-8489ad7f-ce4d-4189-8188-0ec345b1d586 - - - - -] done
2018-05-26 16:08:47.437 19552 INFO migrate.versioning.api [req-8489ad7f-ce4d-4189-8188-0ec345b1d586 - - - - -] 294 -> 295... 
2018-05-26 16:08:47.479 19552 INFO migrate.versioning.api [req-8489ad7f-ce4d-4189-8188-0ec345b1d586 - - - - -] done
2018-05-26 16:08:47.479 19552 INFO migrate.versioning.api [req-8489ad7f-ce4d-4189-8188-0ec345b1d586 - - - - -] 295 -> 296... 
2018-05-26 16:08:47.488 19552 INFO migrate.versioning.api [req-8489ad7f-ce4d-4189-8188-0ec345b1d586 - - - - -] done
2018-05-26 16:08:47.488 19552 INFO migrate.versioning.api [req-8489ad7f-ce4d-4189-8188-0ec345b1d586 - - - - -] 296 -> 297... 
2018-05-26 16:08:47.599 19552 INFO migrate.versioning.api [req-8489ad7f-ce4d-4189-8188-0ec345b1d586 - - - - -] done
2018-05-26 16:08:47.599 19552 INFO migrate.versioning.api [req-8489ad7f-ce4d-4189-8188-0ec345b1d586 - - - - -] 297 -> 298... 
2018-05-26 16:08:47.678 19552 INFO migrate.versioning.api [req-8489ad7f-ce4d-4189-8188-0ec345b1d586 - - - - -] done
2018-05-26 16:08:47.679 19552 INFO migrate.versioning.api [req-8489ad7f-ce4d-4189-8188-0ec345b1d586 - - - - -] 298 -> 299... 
2018-05-26 16:08:47.791 19552 INFO migrate.versioning.api [req-8489ad7f-ce4d-4189-8188-0ec345b1d586 - - - - -] done
2018-05-26 16:08:47.792 19552 INFO migrate.versioning.api [req-8489ad7f-ce4d-4189-8188-0ec345b1d586 - - - - -] 299 -> 300... 
2018-05-26 16:08:47.914 19552 INFO migrate.versioning.api [req-8489ad7f-ce4d-4189-8188-0ec345b1d586 - - - - -] done
2018-05-26 16:08:47.914 19552 INFO migrate.versioning.api [req-8489ad7f-ce4d-4189-8188-0ec345b1d586 - - - - -] 300 -> 301... 
2018-05-26 16:08:48.104 19552 INFO migrate.versioning.api [req-8489ad7f-ce4d-4189-8188-0ec345b1d586 - - - - -] done
2018-05-26 16:08:48.105 19552 INFO migrate.versioning.api [req-8489ad7f-ce4d-4189-8188-0ec345b1d586 - - - - -] 301 -> 302... 
2018-05-26 16:08:48.113 19552 INFO migrate.versioning.api [req-8489ad7f-ce4d-4189-8188-0ec345b1d586 - - - - -] done
2018-05-26 16:08:48.113 19552 INFO migrate.versioning.api [req-8489ad7f-ce4d-4189-8188-0ec345b1d586 - - - - -] 302 -> 303... 
2018-05-26 16:08:48.122 19552 INFO migrate.versioning.api [req-8489ad7f-ce4d-4189-8188-0ec345b1d586 - - - - -] done
2018-05-26 16:08:48.122 19552 INFO migrate.versioning.api [req-8489ad7f-ce4d-4189-8188-0ec345b1d586 - - - - -] 303 -> 304... 
2018-05-26 16:08:48.131 19552 INFO migrate.versioning.api [req-8489ad7f-ce4d-4189-8188-0ec345b1d586 - - - - -] done
2018-05-26 16:08:48.131 19552 INFO migrate.versioning.api [req-8489ad7f-ce4d-4189-8188-0ec345b1d586 - - - - -] 304 -> 305... 
2018-05-26 16:08:48.140 19552 INFO migrate.versioning.api [req-8489ad7f-ce4d-4189-8188-0ec345b1d586 - - - - -] done
2018-05-26 16:08:48.140 19552 INFO migrate.versioning.api [req-8489ad7f-ce4d-4189-8188-0ec345b1d586 - - - - -] 305 -> 306... 
2018-05-26 16:08:48.149 19552 INFO migrate.versioning.api [req-8489ad7f-ce4d-4189-8188-0ec345b1d586 - - - - -] done
2018-05-26 16:08:48.149 19552 INFO migrate.versioning.api [req-8489ad7f-ce4d-4189-8188-0ec345b1d586 - - - - -] 306 -> 307... 
2018-05-26 16:08:48.158 19552 INFO migrate.versioning.api [req-8489ad7f-ce4d-4189-8188-0ec345b1d586 - - - - -] done
2018-05-26 16:08:48.158 19552 INFO migrate.versioning.api [req-8489ad7f-ce4d-4189-8188-0ec345b1d586 - - - - -] 307 -> 308... 
2018-05-26 16:08:48.167 19552 INFO migrate.versioning.api [req-8489ad7f-ce4d-4189-8188-0ec345b1d586 - - - - -] done
2018-05-26 16:08:48.167 19552 INFO migrate.versioning.api [req-8489ad7f-ce4d-4189-8188-0ec345b1d586 - - - - -] 308 -> 309... 
2018-05-26 16:08:48.175 19552 INFO migrate.versioning.api [req-8489ad7f-ce4d-4189-8188-0ec345b1d586 - - - - -] done
2018-05-26 16:08:48.176 19552 INFO migrate.versioning.api [req-8489ad7f-ce4d-4189-8188-0ec345b1d586 - - - - -] 309 -> 310... 
2018-05-26 16:08:48.184 19552 INFO migrate.versioning.api [req-8489ad7f-ce4d-4189-8188-0ec345b1d586 - - - - -] done
2018-05-26 16:08:48.184 19552 INFO migrate.versioning.api [req-8489ad7f-ce4d-4189-8188-0ec345b1d586 - - - - -] 310 -> 311... 
2018-05-26 16:08:48.193 19552 INFO migrate.versioning.api [req-8489ad7f-ce4d-4189-8188-0ec345b1d586 - - - - -] done
2018-05-26 16:08:48.193 19552 INFO migrate.versioning.api [req-8489ad7f-ce4d-4189-8188-0ec345b1d586 - - - - -] 311 -> 312... 
2018-05-26 16:08:48.202 19552 INFO migrate.versioning.api [req-8489ad7f-ce4d-4189-8188-0ec345b1d586 - - - - -] done
2018-05-26 16:08:48.202 19552 INFO migrate.versioning.api [req-8489ad7f-ce4d-4189-8188-0ec345b1d586 - - - - -] 312 -> 313... 
2018-05-26 16:08:48.335 19552 INFO migrate.versioning.api [req-8489ad7f-ce4d-4189-8188-0ec345b1d586 - - - - -] done
2018-05-26 16:08:48.335 19552 INFO migrate.versioning.api [req-8489ad7f-ce4d-4189-8188-0ec345b1d586 - - - - -] 313 -> 314... 
2018-05-26 16:08:48.626 19552 INFO migrate.versioning.api [req-8489ad7f-ce4d-4189-8188-0ec345b1d586 - - - - -] done
2018-05-26 16:08:48.626 19552 INFO migrate.versioning.api [req-8489ad7f-ce4d-4189-8188-0ec345b1d586 - - - - -] 314 -> 315... 
2018-05-26 16:08:49.186 19552 INFO migrate.versioning.api [req-8489ad7f-ce4d-4189-8188-0ec345b1d586 - - - - -] done
2018-05-26 16:08:49.186 19552 INFO migrate.versioning.api [req-8489ad7f-ce4d-4189-8188-0ec345b1d586 - - - - -] 315 -> 316... 
2018-05-26 16:08:49.287 19552 INFO migrate.versioning.api [req-8489ad7f-ce4d-4189-8188-0ec345b1d586 - - - - -] done
2018-05-26 16:08:49.287 19552 INFO migrate.versioning.api [req-8489ad7f-ce4d-4189-8188-0ec345b1d586 - - - - -] 316 -> 317... 
2018-05-26 16:08:49.395 19552 INFO migrate.versioning.api [req-8489ad7f-ce4d-4189-8188-0ec345b1d586 - - - - -] done
2018-05-26 16:08:49.396 19552 INFO migrate.versioning.api [req-8489ad7f-ce4d-4189-8188-0ec345b1d586 - - - - -] 317 -> 318... 
2018-05-26 16:08:49.826 19552 INFO migrate.versioning.api [req-8489ad7f-ce4d-4189-8188-0ec345b1d586 - - - - -] done
2018-05-26 16:08:49.826 19552 INFO migrate.versioning.api [req-8489ad7f-ce4d-4189-8188-0ec345b1d586 - - - - -] 318 -> 319... 
2018-05-26 16:08:49.870 19552 INFO migrate.versioning.api [req-8489ad7f-ce4d-4189-8188-0ec345b1d586 - - - - -] done
2018-05-26 16:08:49.871 19552 INFO migrate.versioning.api [req-8489ad7f-ce4d-4189-8188-0ec345b1d586 - - - - -] 319 -> 320... 
2018-05-26 16:08:49.879 19552 INFO migrate.versioning.api [req-8489ad7f-ce4d-4189-8188-0ec345b1d586 - - - - -] done
2018-05-26 16:08:49.879 19552 INFO migrate.versioning.api [req-8489ad7f-ce4d-4189-8188-0ec345b1d586 - - - - -] 320 -> 321... 
2018-05-26 16:08:49.887 19552 INFO migrate.versioning.api [req-8489ad7f-ce4d-4189-8188-0ec345b1d586 - - - - -] done
2018-05-26 16:08:49.888 19552 INFO migrate.versioning.api [req-8489ad7f-ce4d-4189-8188-0ec345b1d586 - - - - -] 321 -> 322... 
2018-05-26 16:08:49.896 19552 INFO migrate.versioning.api [req-8489ad7f-ce4d-4189-8188-0ec345b1d586 - - - - -] done
2018-05-26 16:08:49.896 19552 INFO migrate.versioning.api [req-8489ad7f-ce4d-4189-8188-0ec345b1d586 - - - - -] 322 -> 323... 
2018-05-26 16:08:49.905 19552 INFO migrate.versioning.api [req-8489ad7f-ce4d-4189-8188-0ec345b1d586 - - - - -] done
2018-05-26 16:08:49.906 19552 INFO migrate.versioning.api [req-8489ad7f-ce4d-4189-8188-0ec345b1d586 - - - - -] 323 -> 324... 
2018-05-26 16:08:49.915 19552 INFO migrate.versioning.api [req-8489ad7f-ce4d-4189-8188-0ec345b1d586 - - - - -] done
2018-05-26 16:08:49.916 19552 INFO migrate.versioning.api [req-8489ad7f-ce4d-4189-8188-0ec345b1d586 - - - - -] 324 -> 325... 
2018-05-26 16:08:49.925 19552 INFO migrate.versioning.api [req-8489ad7f-ce4d-4189-8188-0ec345b1d586 - - - - -] done
2018-05-26 16:08:49.925 19552 INFO migrate.versioning.api [req-8489ad7f-ce4d-4189-8188-0ec345b1d586 - - - - -] 325 -> 326... 
2018-05-26 16:08:49.934 19552 INFO migrate.versioning.api [req-8489ad7f-ce4d-4189-8188-0ec345b1d586 - - - - -] done
2018-05-26 16:08:49.934 19552 INFO migrate.versioning.api [req-8489ad7f-ce4d-4189-8188-0ec345b1d586 - - - - -] 326 -> 327... 
2018-05-26 16:08:49.944 19552 INFO migrate.versioning.api [req-8489ad7f-ce4d-4189-8188-0ec345b1d586 - - - - -] done
2018-05-26 16:08:49.944 19552 INFO migrate.versioning.api [req-8489ad7f-ce4d-4189-8188-0ec345b1d586 - - - - -] 327 -> 328... 
2018-05-26 16:08:49.953 19552 INFO migrate.versioning.api [req-8489ad7f-ce4d-4189-8188-0ec345b1d586 - - - - -] done
2018-05-26 16:08:49.953 19552 INFO migrate.versioning.api [req-8489ad7f-ce4d-4189-8188-0ec345b1d586 - - - - -] 328 -> 329... 
2018-05-26 16:08:49.963 19552 INFO migrate.versioning.api [req-8489ad7f-ce4d-4189-8188-0ec345b1d586 - - - - -] done
2018-05-26 16:08:49.963 19552 INFO migrate.versioning.api [req-8489ad7f-ce4d-4189-8188-0ec345b1d586 - - - - -] 329 -> 330... 
2018-05-26 16:08:49.994 19552 INFO migrate.versioning.api [req-8489ad7f-ce4d-4189-8188-0ec345b1d586 - - - - -] done
2018-05-26 16:08:49.994 19552 INFO migrate.versioning.api [req-8489ad7f-ce4d-4189-8188-0ec345b1d586 - - - - -] 330 -> 331... 
2018-05-26 16:08:50.261 19552 INFO migrate.versioning.api [req-8489ad7f-ce4d-4189-8188-0ec345b1d586 - - - - -] done
2018-05-26 16:08:50.261 19552 INFO migrate.versioning.api [req-8489ad7f-ce4d-4189-8188-0ec345b1d586 - - - - -] 331 -> 332... 
2018-05-26 16:08:50.372 19552 INFO migrate.versioning.api [req-8489ad7f-ce4d-4189-8188-0ec345b1d586 - - - - -] done
2018-05-26 16:08:50.372 19552 INFO migrate.versioning.api [req-8489ad7f-ce4d-4189-8188-0ec345b1d586 - - - - -] 332 -> 333... 
2018-05-26 16:08:50.480 19552 INFO migrate.versioning.api [req-8489ad7f-ce4d-4189-8188-0ec345b1d586 - - - - -] done
2018-05-26 16:08:50.480 19552 INFO migrate.versioning.api [req-8489ad7f-ce4d-4189-8188-0ec345b1d586 - - - - -] 333 -> 334... 
2018-05-26 16:08:50.592 19552 INFO migrate.versioning.api [req-8489ad7f-ce4d-4189-8188-0ec345b1d586 - - - - -] done
2018-05-26 16:08:50.593 19552 INFO migrate.versioning.api [req-8489ad7f-ce4d-4189-8188-0ec345b1d586 - - - - -] 334 -> 335... 
2018-05-26 16:08:50.601 19552 INFO migrate.versioning.api [req-8489ad7f-ce4d-4189-8188-0ec345b1d586 - - - - -] done
2018-05-26 16:08:50.601 19552 INFO migrate.versioning.api [req-8489ad7f-ce4d-4189-8188-0ec345b1d586 - - - - -] 335 -> 336... 
2018-05-26 16:08:50.610 19552 INFO migrate.versioning.api [req-8489ad7f-ce4d-4189-8188-0ec345b1d586 - - - - -] done
2018-05-26 16:08:50.610 19552 INFO migrate.versioning.api [req-8489ad7f-ce4d-4189-8188-0ec345b1d586 - - - - -] 336 -> 337... 
2018-05-26 16:08:50.619 19552 INFO migrate.versioning.api [req-8489ad7f-ce4d-4189-8188-0ec345b1d586 - - - - -] done
2018-05-26 16:08:50.619 19552 INFO migrate.versioning.api [req-8489ad7f-ce4d-4189-8188-0ec345b1d586 - - - - -] 337 -> 338... 
2018-05-26 16:08:50.627 19552 INFO migrate.versioning.api [req-8489ad7f-ce4d-4189-8188-0ec345b1d586 - - - - -] done
2018-05-26 16:08:50.628 19552 INFO migrate.versioning.api [req-8489ad7f-ce4d-4189-8188-0ec345b1d586 - - - - -] 338 -> 339... 
2018-05-26 16:08:50.636 19552 INFO migrate.versioning.api [req-8489ad7f-ce4d-4189-8188-0ec345b1d586 - - - - -] done
2018-05-26 16:08:50.637 19552 INFO migrate.versioning.api [req-8489ad7f-ce4d-4189-8188-0ec345b1d586 - - - - -] 339 -> 340... 
2018-05-26 16:08:50.645 19552 INFO migrate.versioning.api [req-8489ad7f-ce4d-4189-8188-0ec345b1d586 - - - - -] done
2018-05-26 16:08:50.645 19552 INFO migrate.versioning.api [req-8489ad7f-ce4d-4189-8188-0ec345b1d586 - - - - -] 340 -> 341... 
2018-05-26 16:08:50.654 19552 INFO migrate.versioning.api [req-8489ad7f-ce4d-4189-8188-0ec345b1d586 - - - - -] done
2018-05-26 16:08:50.654 19552 INFO migrate.versioning.api [req-8489ad7f-ce4d-4189-8188-0ec345b1d586 - - - - -] 341 -> 342... 
2018-05-26 16:08:50.663 19552 INFO migrate.versioning.api [req-8489ad7f-ce4d-4189-8188-0ec345b1d586 - - - - -] done
2018-05-26 16:08:50.663 19552 INFO migrate.versioning.api [req-8489ad7f-ce4d-4189-8188-0ec345b1d586 - - - - -] 342 -> 343... 
2018-05-26 16:08:50.671 19552 INFO migrate.versioning.api [req-8489ad7f-ce4d-4189-8188-0ec345b1d586 - - - - -] done
2018-05-26 16:08:50.672 19552 INFO migrate.versioning.api [req-8489ad7f-ce4d-4189-8188-0ec345b1d586 - - - - -] 343 -> 344... 
2018-05-26 16:08:50.680 19552 INFO migrate.versioning.api [req-8489ad7f-ce4d-4189-8188-0ec345b1d586 - - - - -] done
2018-05-26 16:08:50.681 19552 INFO migrate.versioning.api [req-8489ad7f-ce4d-4189-8188-0ec345b1d586 - - - - -] 344 -> 345... 
2018-05-26 16:08:50.712 19552 INFO migrate.versioning.api [req-8489ad7f-ce4d-4189-8188-0ec345b1d586 - - - - -] done
2018-05-26 16:08:50.713 19552 INFO migrate.versioning.api [req-8489ad7f-ce4d-4189-8188-0ec345b1d586 - - - - -] 345 -> 346... 
2018-05-26 16:08:50.876 19552 INFO migrate.versioning.api [req-8489ad7f-ce4d-4189-8188-0ec345b1d586 - - - - -] done
2018-05-26 16:08:50.876 19552 INFO migrate.versioning.api [req-8489ad7f-ce4d-4189-8188-0ec345b1d586 - - - - -] 346 -> 347... 
2018-05-26 16:08:50.948 19552 INFO migrate.versioning.api [req-8489ad7f-ce4d-4189-8188-0ec345b1d586 - - - - -] done
2018-05-26 16:08:50.949 19552 INFO migrate.versioning.api [req-8489ad7f-ce4d-4189-8188-0ec345b1d586 - - - - -] 347 -> 348... 
2018-05-26 16:08:50.957 19552 INFO migrate.versioning.api [req-8489ad7f-ce4d-4189-8188-0ec345b1d586 - - - - -] done
2018-05-26 16:08:50.957 19552 INFO migrate.versioning.api [req-8489ad7f-ce4d-4189-8188-0ec345b1d586 - - - - -] 348 -> 349... 
2018-05-26 16:08:50.966 19552 INFO migrate.versioning.api [req-8489ad7f-ce4d-4189-8188-0ec345b1d586 - - - - -] done
2018-05-26 16:08:50.966 19552 INFO migrate.versioning.api [req-8489ad7f-ce4d-4189-8188-0ec345b1d586 - - - - -] 349 -> 350... 
2018-05-26 16:08:50.974 19552 INFO migrate.versioning.api [req-8489ad7f-ce4d-4189-8188-0ec345b1d586 - - - - -] done
2018-05-26 16:08:50.975 19552 INFO migrate.versioning.api [req-8489ad7f-ce4d-4189-8188-0ec345b1d586 - - - - -] 350 -> 351... 
2018-05-26 16:08:50.983 19552 INFO migrate.versioning.api [req-8489ad7f-ce4d-4189-8188-0ec345b1d586 - - - - -] done
2018-05-26 16:08:50.983 19552 INFO migrate.versioning.api [req-8489ad7f-ce4d-4189-8188-0ec345b1d586 - - - - -] 351 -> 352... 
2018-05-26 16:08:50.992 19552 INFO migrate.versioning.api [req-8489ad7f-ce4d-4189-8188-0ec345b1d586 - - - - -] done
2018-05-26 16:08:50.992 19552 INFO migrate.versioning.api [req-8489ad7f-ce4d-4189-8188-0ec345b1d586 - - - - -] 352 -> 353... 
2018-05-26 16:08:51.004 19552 INFO migrate.versioning.api [req-8489ad7f-ce4d-4189-8188-0ec345b1d586 - - - - -] done
2018-05-26 16:08:51.004 19552 INFO migrate.versioning.api [req-8489ad7f-ce4d-4189-8188-0ec345b1d586 - - - - -] 353 -> 354... 
2018-05-26 16:08:51.013 19552 INFO migrate.versioning.api [req-8489ad7f-ce4d-4189-8188-0ec345b1d586 - - - - -] done
2018-05-26 16:08:51.013 19552 INFO migrate.versioning.api [req-8489ad7f-ce4d-4189-8188-0ec345b1d586 - - - - -] 354 -> 355... 
2018-05-26 16:08:51.022 19552 INFO migrate.versioning.api [req-8489ad7f-ce4d-4189-8188-0ec345b1d586 - - - - -] done
2018-05-26 16:08:51.022 19552 INFO migrate.versioning.api [req-8489ad7f-ce4d-4189-8188-0ec345b1d586 - - - - -] 355 -> 356... 
2018-05-26 16:08:51.031 19552 INFO migrate.versioning.api [req-8489ad7f-ce4d-4189-8188-0ec345b1d586 - - - - -] done
2018-05-26 16:08:51.031 19552 INFO migrate.versioning.api [req-8489ad7f-ce4d-4189-8188-0ec345b1d586 - - - - -] 356 -> 357... 
2018-05-26 16:08:51.039 19552 INFO migrate.versioning.api [req-8489ad7f-ce4d-4189-8188-0ec345b1d586 - - - - -] done
2018-05-26 16:08:51.040 19552 INFO migrate.versioning.api [req-8489ad7f-ce4d-4189-8188-0ec345b1d586 - - - - -] 357 -> 358... 
2018-05-26 16:08:51.173 19552 INFO migrate.versioning.api [req-8489ad7f-ce4d-4189-8188-0ec345b1d586 - - - - -] done
2018-05-26 16:08:51.174 19552 INFO migrate.versioning.api [req-8489ad7f-ce4d-4189-8188-0ec345b1d586 - - - - -] 358 -> 359... 
2018-05-26 16:08:51.296 19552 INFO migrate.versioning.api [req-8489ad7f-ce4d-4189-8188-0ec345b1d586 - - - - -] done
2018-05-26 16:08:51.297 19552 INFO migrate.versioning.api [req-8489ad7f-ce4d-4189-8188-0ec345b1d586 - - - - -] 359 -> 360... 
2018-05-26 16:08:51.424 19552 INFO migrate.versioning.api [req-8489ad7f-ce4d-4189-8188-0ec345b1d586 - - - - -] done
2018-05-26 16:08:51.424 19552 INFO migrate.versioning.api [req-8489ad7f-ce4d-4189-8188-0ec345b1d586 - - - - -] 360 -> 361... 
2018-05-26 16:08:51.462 19552 INFO migrate.versioning.api [req-8489ad7f-ce4d-4189-8188-0ec345b1d586 - - - - -] done
2018-05-26 16:08:51.463 19552 INFO migrate.versioning.api [req-8489ad7f-ce4d-4189-8188-0ec345b1d586 - - - - -] 361 -> 362... 
2018-05-26 16:08:51.582 19552 INFO migrate.versioning.api [req-8489ad7f-ce4d-4189-8188-0ec345b1d586 - - - - -] done
2018-05-26 16:08:51.582 19552 INFO migrate.versioning.api [req-8489ad7f-ce4d-4189-8188-0ec345b1d586 - - - - -] 362 -> 363... 
2018-05-26 16:08:51.591 19552 INFO migrate.versioning.api [req-8489ad7f-ce4d-4189-8188-0ec345b1d586 - - - - -] done
2018-05-26 16:08:51.592 19552 INFO migrate.versioning.api [req-8489ad7f-ce4d-4189-8188-0ec345b1d586 - - - - -] 363 -> 364... 
2018-05-26 16:08:51.600 19552 INFO migrate.versioning.api [req-8489ad7f-ce4d-4189-8188-0ec345b1d586 - - - - -] done
2018-05-26 16:08:51.600 19552 INFO migrate.versioning.api [req-8489ad7f-ce4d-4189-8188-0ec345b1d586 - - - - -] 364 -> 365... 
2018-05-26 16:08:51.609 19552 INFO migrate.versioning.api [req-8489ad7f-ce4d-4189-8188-0ec345b1d586 - - - - -] done
2018-05-26 16:08:51.609 19552 INFO migrate.versioning.api [req-8489ad7f-ce4d-4189-8188-0ec345b1d586 - - - - -] 365 -> 366... 
2018-05-26 16:08:51.618 19552 INFO migrate.versioning.api [req-8489ad7f-ce4d-4189-8188-0ec345b1d586 - - - - -] done
2018-05-26 16:08:51.619 19552 INFO migrate.versioning.api [req-8489ad7f-ce4d-4189-8188-0ec345b1d586 - - - - -] 366 -> 367... 
2018-05-26 16:08:51.627 19552 INFO migrate.versioning.api [req-8489ad7f-ce4d-4189-8188-0ec345b1d586 - - - - -] done
2018-05-26 16:08:51.627 19552 INFO migrate.versioning.api [req-8489ad7f-ce4d-4189-8188-0ec345b1d586 - - - - -] 367 -> 368... 
2018-05-26 16:08:51.637 19552 INFO migrate.versioning.api [req-8489ad7f-ce4d-4189-8188-0ec345b1d586 - - - - -] done
2018-05-26 16:08:51.637 19552 INFO migrate.versioning.api [req-8489ad7f-ce4d-4189-8188-0ec345b1d586 - - - - -] 368 -> 369... 
2018-05-26 16:08:51.645 19552 INFO migrate.versioning.api [req-8489ad7f-ce4d-4189-8188-0ec345b1d586 - - - - -] done
2018-05-26 16:08:51.646 19552 INFO migrate.versioning.api [req-8489ad7f-ce4d-4189-8188-0ec345b1d586 - - - - -] 369 -> 370... 
2018-05-26 16:08:51.654 19552 INFO migrate.versioning.api [req-8489ad7f-ce4d-4189-8188-0ec345b1d586 - - - - -] done
2018-05-26 16:08:51.655 19552 INFO migrate.versioning.api [req-8489ad7f-ce4d-4189-8188-0ec345b1d586 - - - - -] 370 -> 371... 
2018-05-26 16:08:51.663 19552 INFO migrate.versioning.api [req-8489ad7f-ce4d-4189-8188-0ec345b1d586 - - - - -] done
2018-05-26 16:08:51.664 19552 INFO migrate.versioning.api [req-8489ad7f-ce4d-4189-8188-0ec345b1d586 - - - - -] 371 -> 372... 
2018-05-26 16:08:51.672 19552 INFO migrate.versioning.api [req-8489ad7f-ce4d-4189-8188-0ec345b1d586 - - - - -] done
2018-05-26 16:08:51.672 19552 INFO migrate.versioning.api [req-8489ad7f-ce4d-4189-8188-0ec345b1d586 - - - - -] 372 -> 373... 
2018-05-26 16:08:51.850 19552 INFO migrate.versioning.api [req-8489ad7f-ce4d-4189-8188-0ec345b1d586 - - - - -] done
2018-05-26 16:08:51.851 19552 INFO migrate.versioning.api [req-8489ad7f-ce4d-4189-8188-0ec345b1d586 - - - - -] 373 -> 374... 
2018-05-26 16:08:52.007 19552 INFO migrate.versioning.api [req-8489ad7f-ce4d-4189-8188-0ec345b1d586 - - - - -] done
2018-05-26 16:08:52.008 19552 INFO migrate.versioning.api [req-8489ad7f-ce4d-4189-8188-0ec345b1d586 - - - - -] 374 -> 375... 
2018-05-26 16:08:52.082 19552 INFO migrate.versioning.api [req-8489ad7f-ce4d-4189-8188-0ec345b1d586 - - - - -] done
2018-05-26 16:08:52.082 19552 INFO migrate.versioning.api [req-8489ad7f-ce4d-4189-8188-0ec345b1d586 - - - - -] 375 -> 376... 
2018-05-26 16:08:52.119 19552 INFO migrate.versioning.api [req-8489ad7f-ce4d-4189-8188-0ec345b1d586 - - - - -] done
2018-05-26 16:08:52.120 19552 INFO migrate.versioning.api [req-8489ad7f-ce4d-4189-8188-0ec345b1d586 - - - - -] 376 -> 377... 
2018-05-26 16:08:52.165 19552 INFO migrate.versioning.api [req-8489ad7f-ce4d-4189-8188-0ec345b1d586 - - - - -] done
2018-05-26 16:08:52.166 19552 INFO migrate.versioning.api [req-8489ad7f-ce4d-4189-8188-0ec345b1d586 - - - - -] 377 -> 378... 
2018-05-26 16:08:52.209 19552 INFO migrate.versioning.api [req-8489ad7f-ce4d-4189-8188-0ec345b1d586 - - - - -] done
2018-05-26 16:08:52.314 19552 INFO migrate.versioning.api [req-8489ad7f-ce4d-4189-8188-0ec345b1d586 - - - - -] 215 -> 216... 
2018-05-26 16:09:00.835 19552 INFO migrate.versioning.api [req-8489ad7f-ce4d-4189-8188-0ec345b1d586 - - - - -] done
2018-05-26 16:09:00.836 19552 INFO migrate.versioning.api [req-8489ad7f-ce4d-4189-8188-0ec345b1d586 - - - - -] 216 -> 217... 
2018-05-26 16:09:00.843 19552 INFO migrate.versioning.api [req-8489ad7f-ce4d-4189-8188-0ec345b1d586 - - - - -] done
2018-05-26 16:09:00.844 19552 INFO migrate.versioning.api [req-8489ad7f-ce4d-4189-8188-0ec345b1d586 - - - - -] 217 -> 218... 
2018-05-26 16:09:00.851 19552 INFO migrate.versioning.api [req-8489ad7f-ce4d-4189-8188-0ec345b1d586 - - - - -] done
2018-05-26 16:09:00.852 19552 INFO migrate.versioning.api [req-8489ad7f-ce4d-4189-8188-0ec345b1d586 - - - - -] 218 -> 219... 
2018-05-26 16:09:00.860 19552 INFO migrate.versioning.api [req-8489ad7f-ce4d-4189-8188-0ec345b1d586 - - - - -] done
2018-05-26 16:09:00.860 19552 INFO migrate.versioning.api [req-8489ad7f-ce4d-4189-8188-0ec345b1d586 - - - - -] 219 -> 220... 
2018-05-26 16:09:00.868 19552 INFO migrate.versioning.api [req-8489ad7f-ce4d-4189-8188-0ec345b1d586 - - - - -] done
2018-05-26 16:09:00.868 19552 INFO migrate.versioning.api [req-8489ad7f-ce4d-4189-8188-0ec345b1d586 - - - - -] 220 -> 221... 
2018-05-26 16:09:00.875 19552 INFO migrate.versioning.api [req-8489ad7f-ce4d-4189-8188-0ec345b1d586 - - - - -] done
2018-05-26 16:09:00.876 19552 INFO migrate.versioning.api [req-8489ad7f-ce4d-4189-8188-0ec345b1d586 - - - - -] 221 -> 222... 
2018-05-26 16:09:00.883 19552 INFO migrate.versioning.api [req-8489ad7f-ce4d-4189-8188-0ec345b1d586 - - - - -] done
2018-05-26 16:09:00.884 19552 INFO migrate.versioning.api [req-8489ad7f-ce4d-4189-8188-0ec345b1d586 - - - - -] 222 -> 223... 
2018-05-26 16:09:00.892 19552 INFO migrate.versioning.api [req-8489ad7f-ce4d-4189-8188-0ec345b1d586 - - - - -] done
2018-05-26 16:09:00.892 19552 INFO migrate.versioning.api [req-8489ad7f-ce4d-4189-8188-0ec345b1d586 - - - - -] 223 -> 224... 
2018-05-26 16:09:00.900 19552 INFO migrate.versioning.api [req-8489ad7f-ce4d-4189-8188-0ec345b1d586 - - - - -] done
2018-05-26 16:09:00.900 19552 INFO migrate.versioning.api [req-8489ad7f-ce4d-4189-8188-0ec345b1d586 - - - - -] 224 -> 225... 
2018-05-26 16:09:00.908 19552 INFO migrate.versioning.api [req-8489ad7f-ce4d-4189-8188-0ec345b1d586 - - - - -] done
2018-05-26 16:09:00.908 19552 INFO migrate.versioning.api [req-8489ad7f-ce4d-4189-8188-0ec345b1d586 - - - - -] 225 -> 226... 
2018-05-26 16:09:00.916 19552 INFO migrate.versioning.api [req-8489ad7f-ce4d-4189-8188-0ec345b1d586 - - - - -] done
2018-05-26 16:09:00.916 19552 INFO migrate.versioning.api [req-8489ad7f-ce4d-4189-8188-0ec345b1d586 - - - - -] 226 -> 227... 
2018-05-26 16:09:00.928 19552 INFO migrate.versioning.api [req-8489ad7f-ce4d-4189-8188-0ec345b1d586 - - - - -] done
2018-05-26 16:09:00.929 19552 INFO migrate.versioning.api [req-8489ad7f-ce4d-4189-8188-0ec345b1d586 - - - - -] 227 -> 228... 
2018-05-26 16:09:01.096 19552 INFO migrate.versioning.api [req-8489ad7f-ce4d-4189-8188-0ec345b1d586 - - - - -] done
2018-05-26 16:09:01.096 19552 INFO migrate.versioning.api [req-8489ad7f-ce4d-4189-8188-0ec345b1d586 - - - - -] 228 -> 229... 
2018-05-26 16:09:01.212 19552 INFO migrate.versioning.api [req-8489ad7f-ce4d-4189-8188-0ec345b1d586 - - - - -] done
2018-05-26 16:09:01.213 19552 INFO migrate.versioning.api [req-8489ad7f-ce4d-4189-8188-0ec345b1d586 - - - - -] 229 -> 230... 
2018-05-26 16:09:01.448 19552 INFO migrate.versioning.api [req-8489ad7f-ce4d-4189-8188-0ec345b1d586 - - - - -] done
2018-05-26 16:09:01.448 19552 INFO migrate.versioning.api [req-8489ad7f-ce4d-4189-8188-0ec345b1d586 - - - - -] 230 -> 231... 
2018-05-26 16:09:01.614 19552 INFO migrate.versioning.api [req-8489ad7f-ce4d-4189-8188-0ec345b1d586 - - - - -] done
2018-05-26 16:09:01.615 19552 INFO migrate.versioning.api [req-8489ad7f-ce4d-4189-8188-0ec345b1d586 - - - - -] 231 -> 232... 
2018-05-26 16:09:02.028 19552 INFO migrate.versioning.api [req-8489ad7f-ce4d-4189-8188-0ec345b1d586 - - - - -] done
2018-05-26 16:09:02.029 19552 INFO migrate.versioning.api [req-8489ad7f-ce4d-4189-8188-0ec345b1d586 - - - - -] 232 -> 233... 
2018-05-26 16:09:02.185 19552 INFO migrate.versioning.api [req-8489ad7f-ce4d-4189-8188-0ec345b1d586 - - - - -] done
2018-05-26 16:09:02.186 19552 INFO migrate.versioning.api [req-8489ad7f-ce4d-4189-8188-0ec345b1d586 - - - - -] 233 -> 234... 
2018-05-26 16:09:02.221 19552 INFO migrate.versioning.api [req-8489ad7f-ce4d-4189-8188-0ec345b1d586 - - - - -] done
2018-05-26 16:09:02.221 19552 INFO migrate.versioning.api [req-8489ad7f-ce4d-4189-8188-0ec345b1d586 - - - - -] 234 -> 235... 
2018-05-26 16:09:02.229 19552 INFO migrate.versioning.api [req-8489ad7f-ce4d-4189-8188-0ec345b1d586 - - - - -] done
2018-05-26 16:09:02.230 19552 INFO migrate.versioning.api [req-8489ad7f-ce4d-4189-8188-0ec345b1d586 - - - - -] 235 -> 236... 
2018-05-26 16:09:02.237 19552 INFO migrate.versioning.api [req-8489ad7f-ce4d-4189-8188-0ec345b1d586 - - - - -] done
2018-05-26 16:09:02.238 19552 INFO migrate.versioning.api [req-8489ad7f-ce4d-4189-8188-0ec345b1d586 - - - - -] 236 -> 237... 
2018-05-26 16:09:02.245 19552 INFO migrate.versioning.api [req-8489ad7f-ce4d-4189-8188-0ec345b1d586 - - - - -] done
2018-05-26 16:09:02.246 19552 INFO migrate.versioning.api [req-8489ad7f-ce4d-4189-8188-0ec345b1d586 - - - - -] 237 -> 238... 
2018-05-26 16:09:02.253 19552 INFO migrate.versioning.api [req-8489ad7f-ce4d-4189-8188-0ec345b1d586 - - - - -] done
2018-05-26 16:09:02.254 19552 INFO migrate.versioning.api [req-8489ad7f-ce4d-4189-8188-0ec345b1d586 - - - - -] 238 -> 239... 
2018-05-26 16:09:02.261 19552 INFO migrate.versioning.api [req-8489ad7f-ce4d-4189-8188-0ec345b1d586 - - - - -] done
2018-05-26 16:09:02.262 19552 INFO migrate.versioning.api [req-8489ad7f-ce4d-4189-8188-0ec345b1d586 - - - - -] 239 -> 240... 
2018-05-26 16:09:02.269 19552 INFO migrate.versioning.api [req-8489ad7f-ce4d-4189-8188-0ec345b1d586 - - - - -] done
2018-05-26 16:09:02.270 19552 INFO migrate.versioning.api [req-8489ad7f-ce4d-4189-8188-0ec345b1d586 - - - - -] 240 -> 241... 
2018-05-26 16:09:02.277 19552 INFO migrate.versioning.api [req-8489ad7f-ce4d-4189-8188-0ec345b1d586 - - - - -] done
2018-05-26 16:09:02.278 19552 INFO migrate.versioning.api [req-8489ad7f-ce4d-4189-8188-0ec345b1d586 - - - - -] 241 -> 242... 
2018-05-26 16:09:02.288 19552 INFO migrate.versioning.api [req-8489ad7f-ce4d-4189-8188-0ec345b1d586 - - - - -] done
2018-05-26 16:09:02.288 19552 INFO migrate.versioning.api [req-8489ad7f-ce4d-4189-8188-0ec345b1d586 - - - - -] 242 -> 243... 
2018-05-26 16:09:02.296 19552 INFO migrate.versioning.api [req-8489ad7f-ce4d-4189-8188-0ec345b1d586 - - - - -] done
2018-05-26 16:09:02.296 19552 INFO migrate.versioning.api [req-8489ad7f-ce4d-4189-8188-0ec345b1d586 - - - - -] 243 -> 244... 
2018-05-26 16:09:02.377 19552 INFO migrate.versioning.api [req-8489ad7f-ce4d-4189-8188-0ec345b1d586 - - - - -] done
2018-05-26 16:09:02.377 19552 INFO migrate.versioning.api [req-8489ad7f-ce4d-4189-8188-0ec345b1d586 - - - - -] 244 -> 245... 
2018-05-26 16:09:02.919 19552 INFO migrate.versioning.api [req-8489ad7f-ce4d-4189-8188-0ec345b1d586 - - - - -] done
2018-05-26 16:09:02.920 19552 INFO migrate.versioning.api [req-8489ad7f-ce4d-4189-8188-0ec345b1d586 - - - - -] 245 -> 246... 
2018-05-26 16:09:03.020 19552 INFO migrate.versioning.api [req-8489ad7f-ce4d-4189-8188-0ec345b1d586 - - - - -] done
2018-05-26 16:09:03.021 19552 INFO migrate.versioning.api [req-8489ad7f-ce4d-4189-8188-0ec345b1d586 - - - - -] 246 -> 247... 
2018-05-26 16:09:03.323 19552 INFO migrate.versioning.api [req-8489ad7f-ce4d-4189-8188-0ec345b1d586 - - - - -] done
2018-05-26 16:09:03.323 19552 INFO migrate.versioning.api [req-8489ad7f-ce4d-4189-8188-0ec345b1d586 - - - - -] 247 -> 248... 
2018-05-26 16:09:03.332 19552 INFO 248_add_expire_reservations_index [req-8489ad7f-ce4d-4189-8188-0ec345b1d586 - - - - -] Skipped adding reservations_deleted_expire_idx because an equivalent index already exists.
2018-05-26 16:09:03.339 19552 INFO migrate.versioning.api [req-8489ad7f-ce4d-4189-8188-0ec345b1d586 - - - - -] done
2018-05-26 16:09:03.339 19552 INFO migrate.versioning.api [req-8489ad7f-ce4d-4189-8188-0ec345b1d586 - - - - -] 248 -> 249... 
2018-05-26 16:09:03.374 19552 INFO migrate.versioning.api [req-8489ad7f-ce4d-4189-8188-0ec345b1d586 - - - - -] done
2018-05-26 16:09:03.375 19552 INFO migrate.versioning.api [req-8489ad7f-ce4d-4189-8188-0ec345b1d586 - - - - -] 249 -> 250... 
2018-05-26 16:09:03.428 19552 INFO migrate.versioning.api [req-8489ad7f-ce4d-4189-8188-0ec345b1d586 - - - - -] done
2018-05-26 16:09:03.428 19552 INFO migrate.versioning.api [req-8489ad7f-ce4d-4189-8188-0ec345b1d586 - - - - -] 250 -> 251... 
2018-05-26 16:09:03.540 19552 INFO migrate.versioning.api [req-8489ad7f-ce4d-4189-8188-0ec345b1d586 - - - - -] done
2018-05-26 16:09:03.540 19552 INFO migrate.versioning.api [req-8489ad7f-ce4d-4189-8188-0ec345b1d586 - - - - -] 251 -> 252... 
2018-05-26 16:09:03.742 19552 INFO migrate.versioning.api [req-8489ad7f-ce4d-4189-8188-0ec345b1d586 - - - - -] done
2018-05-26 16:09:03.742 19552 INFO migrate.versioning.api [req-8489ad7f-ce4d-4189-8188-0ec345b1d586 - - - - -] 252 -> 253... 
2018-05-26 16:09:03.881 19552 INFO migrate.versioning.api [req-8489ad7f-ce4d-4189-8188-0ec345b1d586 - - - - -] done
2018-05-26 16:09:03.881 19552 INFO migrate.versioning.api [req-8489ad7f-ce4d-4189-8188-0ec345b1d586 - - - - -] 253 -> 254... 
2018-05-26 16:09:04.005 19552 INFO migrate.versioning.api [req-8489ad7f-ce4d-4189-8188-0ec345b1d586 - - - - -] done
2018-05-26 16:09:04.006 19552 INFO migrate.versioning.api [req-8489ad7f-ce4d-4189-8188-0ec345b1d586 - - - - -] 254 -> 255... 
2018-05-26 16:09:04.017 19552 INFO migrate.versioning.api [req-8489ad7f-ce4d-4189-8188-0ec345b1d586 - - - - -] done
2018-05-26 16:09:04.018 19552 INFO migrate.versioning.api [req-8489ad7f-ce4d-4189-8188-0ec345b1d586 - - - - -] 255 -> 256... 
2018-05-26 16:09:04.025 19552 INFO migrate.versioning.api [req-8489ad7f-ce4d-4189-8188-0ec345b1d586 - - - - -] done
2018-05-26 16:09:04.026 19552 INFO migrate.versioning.api [req-8489ad7f-ce4d-4189-8188-0ec345b1d586 - - - - -] 256 -> 257... 
2018-05-26 16:09:04.034 19552 INFO migrate.versioning.api [req-8489ad7f-ce4d-4189-8188-0ec345b1d586 - - - - -] done
2018-05-26 16:09:04.034 19552 INFO migrate.versioning.api [req-8489ad7f-ce4d-4189-8188-0ec345b1d586 - - - - -] 257 -> 258... 
2018-05-26 16:09:04.042 19552 INFO migrate.versioning.api [req-8489ad7f-ce4d-4189-8188-0ec345b1d586 - - - - -] done
2018-05-26 16:09:04.042 19552 INFO migrate.versioning.api [req-8489ad7f-ce4d-4189-8188-0ec345b1d586 - - - - -] 258 -> 259... 
2018-05-26 16:09:04.051 19552 INFO migrate.versioning.api [req-8489ad7f-ce4d-4189-8188-0ec345b1d586 - - - - -] done
2018-05-26 16:09:04.051 19552 INFO migrate.versioning.api [req-8489ad7f-ce4d-4189-8188-0ec345b1d586 - - - - -] 259 -> 260... 
2018-05-26 16:09:04.059 19552 INFO migrate.versioning.api [req-8489ad7f-ce4d-4189-8188-0ec345b1d586 - - - - -] done
2018-05-26 16:09:04.059 19552 INFO migrate.versioning.api [req-8489ad7f-ce4d-4189-8188-0ec345b1d586 - - - - -] 260 -> 261... 
2018-05-26 16:09:04.067 19552 INFO migrate.versioning.api [req-8489ad7f-ce4d-4189-8188-0ec345b1d586 - - - - -] done
2018-05-26 16:09:04.067 19552 INFO migrate.versioning.api [req-8489ad7f-ce4d-4189-8188-0ec345b1d586 - - - - -] 261 -> 262... 
2018-05-26 16:09:04.075 19552 INFO migrate.versioning.api [req-8489ad7f-ce4d-4189-8188-0ec345b1d586 - - - - -] done
2018-05-26 16:09:04.075 19552 INFO migrate.versioning.api [req-8489ad7f-ce4d-4189-8188-0ec345b1d586 - - - - -] 262 -> 263... 
2018-05-26 16:09:04.083 19552 INFO migrate.versioning.api [req-8489ad7f-ce4d-4189-8188-0ec345b1d586 - - - - -] done
2018-05-26 16:09:04.083 19552 INFO migrate.versioning.api [req-8489ad7f-ce4d-4189-8188-0ec345b1d586 - - - - -] 263 -> 264... 
2018-05-26 16:09:04.091 19552 INFO migrate.versioning.api [req-8489ad7f-ce4d-4189-8188-0ec345b1d586 - - - - -] done
2018-05-26 16:09:04.091 19552 INFO migrate.versioning.api [req-8489ad7f-ce4d-4189-8188-0ec345b1d586 - - - - -] 264 -> 265... 
2018-05-26 16:09:04.144 19552 INFO migrate.versioning.api [req-8489ad7f-ce4d-4189-8188-0ec345b1d586 - - - - -] done
2018-05-26 16:09:04.144 19552 INFO migrate.versioning.api [req-8489ad7f-ce4d-4189-8188-0ec345b1d586 - - - - -] 265 -> 266... 
2018-05-26 16:09:04.213 19552 INFO migrate.versioning.api [req-8489ad7f-ce4d-4189-8188-0ec345b1d586 - - - - -] done
2018-05-26 16:09:04.213 19552 INFO migrate.versioning.api [req-8489ad7f-ce4d-4189-8188-0ec345b1d586 - - - - -] 266 -> 267... 
2018-05-26 16:09:04.732 19552 INFO migrate.versioning.api [req-8489ad7f-ce4d-4189-8188-0ec345b1d586 - - - - -] done
2018-05-26 16:09:04.732 19552 INFO migrate.versioning.api [req-8489ad7f-ce4d-4189-8188-0ec345b1d586 - - - - -] 267 -> 268... 
2018-05-26 16:09:04.888 19552 INFO migrate.versioning.api [req-8489ad7f-ce4d-4189-8188-0ec345b1d586 - - - - -] done
2018-05-26 16:09:04.888 19552 INFO migrate.versioning.api [req-8489ad7f-ce4d-4189-8188-0ec345b1d586 - - - - -] 268 -> 269... 
2018-05-26 16:09:05.019 19552 INFO migrate.versioning.api [req-8489ad7f-ce4d-4189-8188-0ec345b1d586 - - - - -] done
2018-05-26 16:09:05.019 19552 INFO migrate.versioning.api [req-8489ad7f-ce4d-4189-8188-0ec345b1d586 - - - - -] 269 -> 270... 
2018-05-26 16:09:05.133 19552 INFO migrate.versioning.api [req-8489ad7f-ce4d-4189-8188-0ec345b1d586 - - - - -] done
2018-05-26 16:09:05.133 19552 INFO migrate.versioning.api [req-8489ad7f-ce4d-4189-8188-0ec345b1d586 - - - - -] 270 -> 271... 
2018-05-26 16:09:05.413 19552 INFO migrate.versioning.api [req-8489ad7f-ce4d-4189-8188-0ec345b1d586 - - - - -] done
2018-05-26 16:09:05.414 19552 INFO migrate.versioning.api [req-8489ad7f-ce4d-4189-8188-0ec345b1d586 - - - - -] 271 -> 272... 
2018-05-26 16:09:05.421 19552 INFO migrate.versioning.api [req-8489ad7f-ce4d-4189-8188-0ec345b1d586 - - - - -] done
2018-05-26 16:09:05.422 19552 INFO migrate.versioning.api [req-8489ad7f-ce4d-4189-8188-0ec345b1d586 - - - - -] 272 -> 273... 
2018-05-26 16:09:05.429 19552 INFO migrate.versioning.api [req-8489ad7f-ce4d-4189-8188-0ec345b1d586 - - - - -] done
2018-05-26 16:09:05.430 19552 INFO migrate.versioning.api [req-8489ad7f-ce4d-4189-8188-0ec345b1d586 - - - - -] 273 -> 274... 
2018-05-26 16:09:05.485 19552 INFO migrate.versioning.api [req-8489ad7f-ce4d-4189-8188-0ec345b1d586 - - - - -] done
2018-05-26 16:09:05.485 19552 INFO migrate.versioning.api [req-8489ad7f-ce4d-4189-8188-0ec345b1d586 - - - - -] 274 -> 275... 
2018-05-26 16:09:05.589 19552 INFO migrate.versioning.api [req-8489ad7f-ce4d-4189-8188-0ec345b1d586 - - - - -] done
2018-05-26 16:09:05.590 19552 INFO migrate.versioning.api [req-8489ad7f-ce4d-4189-8188-0ec345b1d586 - - - - -] 275 -> 276... 
2018-05-26 16:09:05.710 19552 INFO migrate.versioning.api [req-8489ad7f-ce4d-4189-8188-0ec345b1d586 - - - - -] done
2018-05-26 16:09:05.711 19552 INFO migrate.versioning.api [req-8489ad7f-ce4d-4189-8188-0ec345b1d586 - - - - -] 276 -> 277... 
2018-05-26 16:09:05.759 19552 INFO migrate.versioning.api [req-8489ad7f-ce4d-4189-8188-0ec345b1d586 - - - - -] done
2018-05-26 16:09:05.760 19552 INFO migrate.versioning.api [req-8489ad7f-ce4d-4189-8188-0ec345b1d586 - - - - -] 277 -> 278... 
2018-05-26 16:09:05.919 19552 INFO migrate.versioning.api [req-8489ad7f-ce4d-4189-8188-0ec345b1d586 - - - - -] done
2018-05-26 16:09:05.919 19552 INFO migrate.versioning.api [req-8489ad7f-ce4d-4189-8188-0ec345b1d586 - - - - -] 278 -> 279... 
2018-05-26 16:09:05.966 19552 INFO migrate.versioning.api [req-8489ad7f-ce4d-4189-8188-0ec345b1d586 - - - - -] done
2018-05-26 16:09:05.966 19552 INFO migrate.versioning.api [req-8489ad7f-ce4d-4189-8188-0ec345b1d586 - - - - -] 279 -> 280... 
2018-05-26 16:09:06.062 19552 INFO migrate.versioning.api [req-8489ad7f-ce4d-4189-8188-0ec345b1d586 - - - - -] done
2018-05-26 16:09:06.062 19552 INFO migrate.versioning.api [req-8489ad7f-ce4d-4189-8188-0ec345b1d586 - - - - -] 280 -> 281... 
2018-05-26 16:09:06.070 19552 INFO migrate.versioning.api [req-8489ad7f-ce4d-4189-8188-0ec345b1d586 - - - - -] done
2018-05-26 16:09:06.071 19552 INFO migrate.versioning.api [req-8489ad7f-ce4d-4189-8188-0ec345b1d586 - - - - -] 281 -> 282... 
2018-05-26 16:09:06.078 19552 INFO migrate.versioning.api [req-8489ad7f-ce4d-4189-8188-0ec345b1d586 - - - - -] done
2018-05-26 16:09:06.079 19552 INFO migrate.versioning.api [req-8489ad7f-ce4d-4189-8188-0ec345b1d586 - - - - -] 282 -> 283... 
2018-05-26 16:09:06.087 19552 INFO migrate.versioning.api [req-8489ad7f-ce4d-4189-8188-0ec345b1d586 - - - - -] done
2018-05-26 16:09:06.087 19552 INFO migrate.versioning.api [req-8489ad7f-ce4d-4189-8188-0ec345b1d586 - - - - -] 283 -> 284... 
2018-05-26 16:09:06.095 19552 INFO migrate.versioning.api [req-8489ad7f-ce4d-4189-8188-0ec345b1d586 - - - - -] done
2018-05-26 16:09:06.095 19552 INFO migrate.versioning.api [req-8489ad7f-ce4d-4189-8188-0ec345b1d586 - - - - -] 284 -> 285... 
2018-05-26 16:09:06.103 19552 INFO migrate.versioning.api [req-8489ad7f-ce4d-4189-8188-0ec345b1d586 - - - - -] done
2018-05-26 16:09:06.103 19552 INFO migrate.versioning.api [req-8489ad7f-ce4d-4189-8188-0ec345b1d586 - - - - -] 285 -> 286... 
2018-05-26 16:09:06.111 19552 INFO migrate.versioning.api [req-8489ad7f-ce4d-4189-8188-0ec345b1d586 - - - - -] done
2018-05-26 16:09:06.112 19552 INFO migrate.versioning.api [req-8489ad7f-ce4d-4189-8188-0ec345b1d586 - - - - -] 286 -> 287... 
2018-05-26 16:09:06.120 19552 INFO migrate.versioning.api [req-8489ad7f-ce4d-4189-8188-0ec345b1d586 - - - - -] done
2018-05-26 16:09:06.120 19552 INFO migrate.versioning.api [req-8489ad7f-ce4d-4189-8188-0ec345b1d586 - - - - -] 287 -> 288... 
2018-05-26 16:09:06.128 19552 INFO migrate.versioning.api [req-8489ad7f-ce4d-4189-8188-0ec345b1d586 - - - - -] done
2018-05-26 16:09:06.129 19552 INFO migrate.versioning.api [req-8489ad7f-ce4d-4189-8188-0ec345b1d586 - - - - -] 288 -> 289... 
2018-05-26 16:09:06.137 19552 INFO migrate.versioning.api [req-8489ad7f-ce4d-4189-8188-0ec345b1d586 - - - - -] done
2018-05-26 16:09:06.137 19552 INFO migrate.versioning.api [req-8489ad7f-ce4d-4189-8188-0ec345b1d586 - - - - -] 289 -> 290... 
2018-05-26 16:09:06.145 19552 INFO migrate.versioning.api [req-8489ad7f-ce4d-4189-8188-0ec345b1d586 - - - - -] done
2018-05-26 16:09:06.145 19552 INFO migrate.versioning.api [req-8489ad7f-ce4d-4189-8188-0ec345b1d586 - - - - -] 290 -> 291... 
2018-05-26 16:09:06.169 19552 INFO migrate.versioning.api [req-8489ad7f-ce4d-4189-8188-0ec345b1d586 - - - - -] done
2018-05-26 16:09:06.169 19552 INFO migrate.versioning.api [req-8489ad7f-ce4d-4189-8188-0ec345b1d586 - - - - -] 291 -> 292... 
2018-05-26 16:09:06.310 19552 INFO migrate.versioning.api [req-8489ad7f-ce4d-4189-8188-0ec345b1d586 - - - - -] done
2018-05-26 16:09:06.311 19552 INFO migrate.versioning.api [req-8489ad7f-ce4d-4189-8188-0ec345b1d586 - - - - -] 292 -> 293... 
2018-05-26 16:09:06.537 19552 INFO migrate.versioning.api [req-8489ad7f-ce4d-4189-8188-0ec345b1d586 - - - - -] done
2018-05-26 16:09:06.538 19552 INFO migrate.versioning.api [req-8489ad7f-ce4d-4189-8188-0ec345b1d586 - - - - -] 293 -> 294... 
2018-05-26 16:09:06.632 19552 INFO migrate.versioning.api [req-8489ad7f-ce4d-4189-8188-0ec345b1d586 - - - - -] done
2018-05-26 16:09:06.632 19552 INFO migrate.versioning.api [req-8489ad7f-ce4d-4189-8188-0ec345b1d586 - - - - -] 294 -> 295... 
2018-05-26 16:09:06.676 19552 INFO migrate.versioning.api [req-8489ad7f-ce4d-4189-8188-0ec345b1d586 - - - - -] done
2018-05-26 16:09:06.676 19552 INFO migrate.versioning.api [req-8489ad7f-ce4d-4189-8188-0ec345b1d586 - - - - -] 295 -> 296... 
2018-05-26 16:09:06.683 19552 INFO migrate.versioning.api [req-8489ad7f-ce4d-4189-8188-0ec345b1d586 - - - - -] done
2018-05-26 16:09:06.684 19552 INFO migrate.versioning.api [req-8489ad7f-ce4d-4189-8188-0ec345b1d586 - - - - -] 296 -> 297... 
2018-05-26 16:09:06.789 19552 INFO migrate.versioning.api [req-8489ad7f-ce4d-4189-8188-0ec345b1d586 - - - - -] done
2018-05-26 16:09:06.789 19552 INFO migrate.versioning.api [req-8489ad7f-ce4d-4189-8188-0ec345b1d586 - - - - -] 297 -> 298... 
2018-05-26 16:09:06.881 19552 INFO migrate.versioning.api [req-8489ad7f-ce4d-4189-8188-0ec345b1d586 - - - - -] done
2018-05-26 16:09:06.882 19552 INFO migrate.versioning.api [req-8489ad7f-ce4d-4189-8188-0ec345b1d586 - - - - -] 298 -> 299... 
2018-05-26 16:09:06.988 19552 INFO migrate.versioning.api [req-8489ad7f-ce4d-4189-8188-0ec345b1d586 - - - - -] done
2018-05-26 16:09:06.988 19552 INFO migrate.versioning.api [req-8489ad7f-ce4d-4189-8188-0ec345b1d586 - - - - -] 299 -> 300... 
2018-05-26 16:09:07.095 19552 INFO migrate.versioning.api [req-8489ad7f-ce4d-4189-8188-0ec345b1d586 - - - - -] done
2018-05-26 16:09:07.096 19552 INFO migrate.versioning.api [req-8489ad7f-ce4d-4189-8188-0ec345b1d586 - - - - -] 300 -> 301... 
2018-05-26 16:09:07.273 19552 INFO migrate.versioning.api [req-8489ad7f-ce4d-4189-8188-0ec345b1d586 - - - - -] done
2018-05-26 16:09:07.274 19552 INFO migrate.versioning.api [req-8489ad7f-ce4d-4189-8188-0ec345b1d586 - - - - -] 301 -> 302... 
2018-05-26 16:09:07.282 19552 INFO migrate.versioning.api [req-8489ad7f-ce4d-4189-8188-0ec345b1d586 - - - - -] done
2018-05-26 16:09:07.282 19552 INFO migrate.versioning.api [req-8489ad7f-ce4d-4189-8188-0ec345b1d586 - - - - -] 302 -> 303... 
2018-05-26 16:09:07.289 19552 INFO migrate.versioning.api [req-8489ad7f-ce4d-4189-8188-0ec345b1d586 - - - - -] done
2018-05-26 16:09:07.290 19552 INFO migrate.versioning.api [req-8489ad7f-ce4d-4189-8188-0ec345b1d586 - - - - -] 303 -> 304... 
2018-05-26 16:09:07.297 19552 INFO migrate.versioning.api [req-8489ad7f-ce4d-4189-8188-0ec345b1d586 - - - - -] done
2018-05-26 16:09:07.298 19552 INFO migrate.versioning.api [req-8489ad7f-ce4d-4189-8188-0ec345b1d586 - - - - -] 304 -> 305... 
2018-05-26 16:09:07.305 19552 INFO migrate.versioning.api [req-8489ad7f-ce4d-4189-8188-0ec345b1d586 - - - - -] done
2018-05-26 16:09:07.305 19552 INFO migrate.versioning.api [req-8489ad7f-ce4d-4189-8188-0ec345b1d586 - - - - -] 305 -> 306... 
2018-05-26 16:09:07.313 19552 INFO migrate.versioning.api [req-8489ad7f-ce4d-4189-8188-0ec345b1d586 - - - - -] done
2018-05-26 16:09:07.313 19552 INFO migrate.versioning.api [req-8489ad7f-ce4d-4189-8188-0ec345b1d586 - - - - -] 306 -> 307... 
2018-05-26 16:09:07.324 19552 INFO migrate.versioning.api [req-8489ad7f-ce4d-4189-8188-0ec345b1d586 - - - - -] done
2018-05-26 16:09:07.325 19552 INFO migrate.versioning.api [req-8489ad7f-ce4d-4189-8188-0ec345b1d586 - - - - -] 307 -> 308... 
2018-05-26 16:09:07.332 19552 INFO migrate.versioning.api [req-8489ad7f-ce4d-4189-8188-0ec345b1d586 - - - - -] done
2018-05-26 16:09:07.333 19552 INFO migrate.versioning.api [req-8489ad7f-ce4d-4189-8188-0ec345b1d586 - - - - -] 308 -> 309... 
2018-05-26 16:09:07.340 19552 INFO migrate.versioning.api [req-8489ad7f-ce4d-4189-8188-0ec345b1d586 - - - - -] done
2018-05-26 16:09:07.340 19552 INFO migrate.versioning.api [req-8489ad7f-ce4d-4189-8188-0ec345b1d586 - - - - -] 309 -> 310... 
2018-05-26 16:09:07.348 19552 INFO migrate.versioning.api [req-8489ad7f-ce4d-4189-8188-0ec345b1d586 - - - - -] done
2018-05-26 16:09:07.349 19552 INFO migrate.versioning.api [req-8489ad7f-ce4d-4189-8188-0ec345b1d586 - - - - -] 310 -> 311... 
2018-05-26 16:09:07.356 19552 INFO migrate.versioning.api [req-8489ad7f-ce4d-4189-8188-0ec345b1d586 - - - - -] done
2018-05-26 16:09:07.356 19552 INFO migrate.versioning.api [req-8489ad7f-ce4d-4189-8188-0ec345b1d586 - - - - -] 311 -> 312... 
2018-05-26 16:09:07.364 19552 INFO migrate.versioning.api [req-8489ad7f-ce4d-4189-8188-0ec345b1d586 - - - - -] done
2018-05-26 16:09:07.365 19552 INFO migrate.versioning.api [req-8489ad7f-ce4d-4189-8188-0ec345b1d586 - - - - -] 312 -> 313... 
2018-05-26 16:09:07.509 19552 INFO migrate.versioning.api [req-8489ad7f-ce4d-4189-8188-0ec345b1d586 - - - - -] done
2018-05-26 16:09:07.510 19552 INFO migrate.versioning.api [req-8489ad7f-ce4d-4189-8188-0ec345b1d586 - - - - -] 313 -> 314... 
2018-05-26 16:09:07.862 19552 INFO migrate.versioning.api [req-8489ad7f-ce4d-4189-8188-0ec345b1d586 - - - - -] done
2018-05-26 16:09:07.863 19552 INFO migrate.versioning.api [req-8489ad7f-ce4d-4189-8188-0ec345b1d586 - - - - -] 314 -> 315... 
2018-05-26 16:09:08.480 19552 INFO migrate.versioning.api [req-8489ad7f-ce4d-4189-8188-0ec345b1d586 - - - - -] done
2018-05-26 16:09:08.480 19552 INFO migrate.versioning.api [req-8489ad7f-ce4d-4189-8188-0ec345b1d586 - - - - -] 315 -> 316... 
2018-05-26 16:09:08.591 19552 INFO migrate.versioning.api [req-8489ad7f-ce4d-4189-8188-0ec345b1d586 - - - - -] done
2018-05-26 16:09:08.592 19552 INFO migrate.versioning.api [req-8489ad7f-ce4d-4189-8188-0ec345b1d586 - - - - -] 316 -> 317... 
2018-05-26 16:09:08.712 19552 INFO migrate.versioning.api [req-8489ad7f-ce4d-4189-8188-0ec345b1d586 - - - - -] done
2018-05-26 16:09:08.712 19552 INFO migrate.versioning.api [req-8489ad7f-ce4d-4189-8188-0ec345b1d586 - - - - -] 317 -> 318... 
2018-05-26 16:09:09.183 19552 INFO migrate.versioning.api [req-8489ad7f-ce4d-4189-8188-0ec345b1d586 - - - - -] done
2018-05-26 16:09:09.184 19552 INFO migrate.versioning.api [req-8489ad7f-ce4d-4189-8188-0ec345b1d586 - - - - -] 318 -> 319... 
2018-05-26 16:09:09.219 19552 INFO migrate.versioning.api [req-8489ad7f-ce4d-4189-8188-0ec345b1d586 - - - - -] done
2018-05-26 16:09:09.219 19552 INFO migrate.versioning.api [req-8489ad7f-ce4d-4189-8188-0ec345b1d586 - - - - -] 319 -> 320... 
2018-05-26 16:09:09.227 19552 INFO migrate.versioning.api [req-8489ad7f-ce4d-4189-8188-0ec345b1d586 - - - - -] done
2018-05-26 16:09:09.227 19552 INFO migrate.versioning.api [req-8489ad7f-ce4d-4189-8188-0ec345b1d586 - - - - -] 320 -> 321... 
2018-05-26 16:09:09.235 19552 INFO migrate.versioning.api [req-8489ad7f-ce4d-4189-8188-0ec345b1d586 - - - - -] done
2018-05-26 16:09:09.235 19552 INFO migrate.versioning.api [req-8489ad7f-ce4d-4189-8188-0ec345b1d586 - - - - -] 321 -> 322... 
2018-05-26 16:09:09.243 19552 INFO migrate.versioning.api [req-8489ad7f-ce4d-4189-8188-0ec345b1d586 - - - - -] done
2018-05-26 16:09:09.243 19552 INFO migrate.versioning.api [req-8489ad7f-ce4d-4189-8188-0ec345b1d586 - - - - -] 322 -> 323... 
2018-05-26 16:09:09.250 19552 INFO migrate.versioning.api [req-8489ad7f-ce4d-4189-8188-0ec345b1d586 - - - - -] done
2018-05-26 16:09:09.251 19552 INFO migrate.versioning.api [req-8489ad7f-ce4d-4189-8188-0ec345b1d586 - - - - -] 323 -> 324... 
2018-05-26 16:09:09.259 19552 INFO migrate.versioning.api [req-8489ad7f-ce4d-4189-8188-0ec345b1d586 - - - - -] done
2018-05-26 16:09:09.259 19552 INFO migrate.versioning.api [req-8489ad7f-ce4d-4189-8188-0ec345b1d586 - - - - -] 324 -> 325... 
2018-05-26 16:09:09.267 19552 INFO migrate.versioning.api [req-8489ad7f-ce4d-4189-8188-0ec345b1d586 - - - - -] done
2018-05-26 16:09:09.267 19552 INFO migrate.versioning.api [req-8489ad7f-ce4d-4189-8188-0ec345b1d586 - - - - -] 325 -> 326... 
2018-05-26 16:09:09.274 19552 INFO migrate.versioning.api [req-8489ad7f-ce4d-4189-8188-0ec345b1d586 - - - - -] done
2018-05-26 16:09:09.275 19552 INFO migrate.versioning.api [req-8489ad7f-ce4d-4189-8188-0ec345b1d586 - - - - -] 326 -> 327... 
2018-05-26 16:09:09.282 19552 INFO migrate.versioning.api [req-8489ad7f-ce4d-4189-8188-0ec345b1d586 - - - - -] done
2018-05-26 16:09:09.283 19552 INFO migrate.versioning.api [req-8489ad7f-ce4d-4189-8188-0ec345b1d586 - - - - -] 327 -> 328... 
2018-05-26 16:09:09.290 19552 INFO migrate.versioning.api [req-8489ad7f-ce4d-4189-8188-0ec345b1d586 - - - - -] done
2018-05-26 16:09:09.291 19552 INFO migrate.versioning.api [req-8489ad7f-ce4d-4189-8188-0ec345b1d586 - - - - -] 328 -> 329... 
2018-05-26 16:09:09.298 19552 INFO migrate.versioning.api [req-8489ad7f-ce4d-4189-8188-0ec345b1d586 - - - - -] done
2018-05-26 16:09:09.299 19552 INFO migrate.versioning.api [req-8489ad7f-ce4d-4189-8188-0ec345b1d586 - - - - -] 329 -> 330... 
2018-05-26 16:09:09.327 19552 INFO migrate.versioning.api [req-8489ad7f-ce4d-4189-8188-0ec345b1d586 - - - - -] done
2018-05-26 16:09:09.328 19552 INFO migrate.versioning.api [req-8489ad7f-ce4d-4189-8188-0ec345b1d586 - - - - -] 330 -> 331... 
2018-05-26 16:09:09.598 19552 INFO migrate.versioning.api [req-8489ad7f-ce4d-4189-8188-0ec345b1d586 - - - - -] done
2018-05-26 16:09:09.598 19552 INFO migrate.versioning.api [req-8489ad7f-ce4d-4189-8188-0ec345b1d586 - - - - -] 331 -> 332... 
2018-05-26 16:09:09.716 19552 INFO migrate.versioning.api [req-8489ad7f-ce4d-4189-8188-0ec345b1d586 - - - - -] done
2018-05-26 16:09:09.716 19552 INFO migrate.versioning.api [req-8489ad7f-ce4d-4189-8188-0ec345b1d586 - - - - -] 332 -> 333... 
2018-05-26 16:09:09.832 19552 INFO migrate.versioning.api [req-8489ad7f-ce4d-4189-8188-0ec345b1d586 - - - - -] done
2018-05-26 16:09:09.832 19552 INFO migrate.versioning.api [req-8489ad7f-ce4d-4189-8188-0ec345b1d586 - - - - -] 333 -> 334... 
2018-05-26 16:09:09.976 19552 INFO migrate.versioning.api [req-8489ad7f-ce4d-4189-8188-0ec345b1d586 - - - - -] done
2018-05-26 16:09:09.976 19552 INFO migrate.versioning.api [req-8489ad7f-ce4d-4189-8188-0ec345b1d586 - - - - -] 334 -> 335... 
2018-05-26 16:09:09.984 19552 INFO migrate.versioning.api [req-8489ad7f-ce4d-4189-8188-0ec345b1d586 - - - - -] done
2018-05-26 16:09:09.984 19552 INFO migrate.versioning.api [req-8489ad7f-ce4d-4189-8188-0ec345b1d586 - - - - -] 335 -> 336... 
2018-05-26 16:09:09.992 19552 INFO migrate.versioning.api [req-8489ad7f-ce4d-4189-8188-0ec345b1d586 - - - - -] done
2018-05-26 16:09:09.992 19552 INFO migrate.versioning.api [req-8489ad7f-ce4d-4189-8188-0ec345b1d586 - - - - -] 336 -> 337... 
2018-05-26 16:09:10.000 19552 INFO migrate.versioning.api [req-8489ad7f-ce4d-4189-8188-0ec345b1d586 - - - - -] done
2018-05-26 16:09:10.001 19552 INFO migrate.versioning.api [req-8489ad7f-ce4d-4189-8188-0ec345b1d586 - - - - -] 337 -> 338... 
2018-05-26 16:09:10.008 19552 INFO migrate.versioning.api [req-8489ad7f-ce4d-4189-8188-0ec345b1d586 - - - - -] done
2018-05-26 16:09:10.009 19552 INFO migrate.versioning.api [req-8489ad7f-ce4d-4189-8188-0ec345b1d586 - - - - -] 338 -> 339... 
2018-05-26 16:09:10.016 19552 INFO migrate.versioning.api [req-8489ad7f-ce4d-4189-8188-0ec345b1d586 - - - - -] done
2018-05-26 16:09:10.017 19552 INFO migrate.versioning.api [req-8489ad7f-ce4d-4189-8188-0ec345b1d586 - - - - -] 339 -> 340... 
2018-05-26 16:09:10.025 19552 INFO migrate.versioning.api [req-8489ad7f-ce4d-4189-8188-0ec345b1d586 - - - - -] done
2018-05-26 16:09:10.025 19552 INFO migrate.versioning.api [req-8489ad7f-ce4d-4189-8188-0ec345b1d586 - - - - -] 340 -> 341... 
2018-05-26 16:09:10.033 19552 INFO migrate.versioning.api [req-8489ad7f-ce4d-4189-8188-0ec345b1d586 - - - - -] done
2018-05-26 16:09:10.033 19552 INFO migrate.versioning.api [req-8489ad7f-ce4d-4189-8188-0ec345b1d586 - - - - -] 341 -> 342... 
2018-05-26 16:09:10.041 19552 INFO migrate.versioning.api [req-8489ad7f-ce4d-4189-8188-0ec345b1d586 - - - - -] done
2018-05-26 16:09:10.041 19552 INFO migrate.versioning.api [req-8489ad7f-ce4d-4189-8188-0ec345b1d586 - - - - -] 342 -> 343... 
2018-05-26 16:09:10.049 19552 INFO migrate.versioning.api [req-8489ad7f-ce4d-4189-8188-0ec345b1d586 - - - - -] done
2018-05-26 16:09:10.049 19552 INFO migrate.versioning.api [req-8489ad7f-ce4d-4189-8188-0ec345b1d586 - - - - -] 343 -> 344... 
2018-05-26 16:09:10.057 19552 INFO migrate.versioning.api [req-8489ad7f-ce4d-4189-8188-0ec345b1d586 - - - - -] done
2018-05-26 16:09:10.057 19552 INFO migrate.versioning.api [req-8489ad7f-ce4d-4189-8188-0ec345b1d586 - - - - -] 344 -> 345... 
2018-05-26 16:09:10.087 19552 INFO migrate.versioning.api [req-8489ad7f-ce4d-4189-8188-0ec345b1d586 - - - - -] done
2018-05-26 16:09:10.087 19552 INFO migrate.versioning.api [req-8489ad7f-ce4d-4189-8188-0ec345b1d586 - - - - -] 345 -> 346... 
2018-05-26 16:09:10.250 19552 INFO migrate.versioning.api [req-8489ad7f-ce4d-4189-8188-0ec345b1d586 - - - - -] done
2018-05-26 16:09:10.251 19552 INFO migrate.versioning.api [req-8489ad7f-ce4d-4189-8188-0ec345b1d586 - - - - -] 346 -> 347... 
2018-05-26 16:09:10.323 19552 INFO migrate.versioning.api [req-8489ad7f-ce4d-4189-8188-0ec345b1d586 - - - - -] done
2018-05-26 16:09:10.324 19552 INFO migrate.versioning.api [req-8489ad7f-ce4d-4189-8188-0ec345b1d586 - - - - -] 347 -> 348... 
2018-05-26 16:09:10.331 19552 INFO migrate.versioning.api [req-8489ad7f-ce4d-4189-8188-0ec345b1d586 - - - - -] done
2018-05-26 16:09:10.332 19552 INFO migrate.versioning.api [req-8489ad7f-ce4d-4189-8188-0ec345b1d586 - - - - -] 348 -> 349... 
2018-05-26 16:09:10.339 19552 INFO migrate.versioning.api [req-8489ad7f-ce4d-4189-8188-0ec345b1d586 - - - - -] done
2018-05-26 16:09:10.339 19552 INFO migrate.versioning.api [req-8489ad7f-ce4d-4189-8188-0ec345b1d586 - - - - -] 349 -> 350... 
2018-05-26 16:09:10.347 19552 INFO migrate.versioning.api [req-8489ad7f-ce4d-4189-8188-0ec345b1d586 - - - - -] done
2018-05-26 16:09:10.347 19552 INFO migrate.versioning.api [req-8489ad7f-ce4d-4189-8188-0ec345b1d586 - - - - -] 350 -> 351... 
2018-05-26 16:09:10.355 19552 INFO migrate.versioning.api [req-8489ad7f-ce4d-4189-8188-0ec345b1d586 - - - - -] done
2018-05-26 16:09:10.355 19552 INFO migrate.versioning.api [req-8489ad7f-ce4d-4189-8188-0ec345b1d586 - - - - -] 351 -> 352... 
2018-05-26 16:09:10.363 19552 INFO migrate.versioning.api [req-8489ad7f-ce4d-4189-8188-0ec345b1d586 - - - - -] done
2018-05-26 16:09:10.363 19552 INFO migrate.versioning.api [req-8489ad7f-ce4d-4189-8188-0ec345b1d586 - - - - -] 352 -> 353... 
2018-05-26 16:09:10.371 19552 INFO migrate.versioning.api [req-8489ad7f-ce4d-4189-8188-0ec345b1d586 - - - - -] done
2018-05-26 16:09:10.371 19552 INFO migrate.versioning.api [req-8489ad7f-ce4d-4189-8188-0ec345b1d586 - - - - -] 353 -> 354... 
2018-05-26 16:09:10.379 19552 INFO migrate.versioning.api [req-8489ad7f-ce4d-4189-8188-0ec345b1d586 - - - - -] done
2018-05-26 16:09:10.379 19552 INFO migrate.versioning.api [req-8489ad7f-ce4d-4189-8188-0ec345b1d586 - - - - -] 354 -> 355... 
2018-05-26 16:09:10.386 19552 INFO migrate.versioning.api [req-8489ad7f-ce4d-4189-8188-0ec345b1d586 - - - - -] done
2018-05-26 16:09:10.387 19552 INFO migrate.versioning.api [req-8489ad7f-ce4d-4189-8188-0ec345b1d586 - - - - -] 355 -> 356... 
2018-05-26 16:09:10.394 19552 INFO migrate.versioning.api [req-8489ad7f-ce4d-4189-8188-0ec345b1d586 - - - - -] done
2018-05-26 16:09:10.394 19552 INFO migrate.versioning.api [req-8489ad7f-ce4d-4189-8188-0ec345b1d586 - - - - -] 356 -> 357... 
2018-05-26 16:09:10.402 19552 INFO migrate.versioning.api [req-8489ad7f-ce4d-4189-8188-0ec345b1d586 - - - - -] done
2018-05-26 16:09:10.402 19552 INFO migrate.versioning.api [req-8489ad7f-ce4d-4189-8188-0ec345b1d586 - - - - -] 357 -> 358... 
2018-05-26 16:09:10.536 19552 INFO migrate.versioning.api [req-8489ad7f-ce4d-4189-8188-0ec345b1d586 - - - - -] done
2018-05-26 16:09:10.536 19552 INFO migrate.versioning.api [req-8489ad7f-ce4d-4189-8188-0ec345b1d586 - - - - -] 358 -> 359... 
2018-05-26 16:09:10.662 19552 INFO migrate.versioning.api [req-8489ad7f-ce4d-4189-8188-0ec345b1d586 - - - - -] done
2018-05-26 16:09:10.662 19552 INFO migrate.versioning.api [req-8489ad7f-ce4d-4189-8188-0ec345b1d586 - - - - -] 359 -> 360... 
2018-05-26 16:09:10.780 19552 INFO migrate.versioning.api [req-8489ad7f-ce4d-4189-8188-0ec345b1d586 - - - - -] done
2018-05-26 16:09:10.780 19552 INFO migrate.versioning.api [req-8489ad7f-ce4d-4189-8188-0ec345b1d586 - - - - -] 360 -> 361... 
2018-05-26 16:09:10.819 19552 INFO migrate.versioning.api [req-8489ad7f-ce4d-4189-8188-0ec345b1d586 - - - - -] done
2018-05-26 16:09:10.820 19552 INFO migrate.versioning.api [req-8489ad7f-ce4d-4189-8188-0ec345b1d586 - - - - -] 361 -> 362... 
2018-05-26 16:09:10.938 19552 INFO migrate.versioning.api [req-8489ad7f-ce4d-4189-8188-0ec345b1d586 - - - - -] done
2018-05-26 16:09:10.938 19552 INFO migrate.versioning.api [req-8489ad7f-ce4d-4189-8188-0ec345b1d586 - - - - -] 362 -> 363... 
2018-05-26 16:09:10.946 19552 INFO migrate.versioning.api [req-8489ad7f-ce4d-4189-8188-0ec345b1d586 - - - - -] done
2018-05-26 16:09:10.946 19552 INFO migrate.versioning.api [req-8489ad7f-ce4d-4189-8188-0ec345b1d586 - - - - -] 363 -> 364... 
2018-05-26 16:09:10.954 19552 INFO migrate.versioning.api [req-8489ad7f-ce4d-4189-8188-0ec345b1d586 - - - - -] done
2018-05-26 16:09:10.954 19552 INFO migrate.versioning.api [req-8489ad7f-ce4d-4189-8188-0ec345b1d586 - - - - -] 364 -> 365... 
2018-05-26 16:09:10.962 19552 INFO migrate.versioning.api [req-8489ad7f-ce4d-4189-8188-0ec345b1d586 - - - - -] done
2018-05-26 16:09:10.962 19552 INFO migrate.versioning.api [req-8489ad7f-ce4d-4189-8188-0ec345b1d586 - - - - -] 365 -> 366... 
2018-05-26 16:09:10.970 19552 INFO migrate.versioning.api [req-8489ad7f-ce4d-4189-8188-0ec345b1d586 - - - - -] done
2018-05-26 16:09:10.970 19552 INFO migrate.versioning.api [req-8489ad7f-ce4d-4189-8188-0ec345b1d586 - - - - -] 366 -> 367... 
2018-05-26 16:09:10.978 19552 INFO migrate.versioning.api [req-8489ad7f-ce4d-4189-8188-0ec345b1d586 - - - - -] done
2018-05-26 16:09:10.978 19552 INFO migrate.versioning.api [req-8489ad7f-ce4d-4189-8188-0ec345b1d586 - - - - -] 367 -> 368... 
2018-05-26 16:09:10.986 19552 INFO migrate.versioning.api [req-8489ad7f-ce4d-4189-8188-0ec345b1d586 - - - - -] done
2018-05-26 16:09:10.986 19552 INFO migrate.versioning.api [req-8489ad7f-ce4d-4189-8188-0ec345b1d586 - - - - -] 368 -> 369... 
2018-05-26 16:09:10.993 19552 INFO migrate.versioning.api [req-8489ad7f-ce4d-4189-8188-0ec345b1d586 - - - - -] done
2018-05-26 16:09:10.993 19552 INFO migrate.versioning.api [req-8489ad7f-ce4d-4189-8188-0ec345b1d586 - - - - -] 369 -> 370... 
2018-05-26 16:09:11.001 19552 INFO migrate.versioning.api [req-8489ad7f-ce4d-4189-8188-0ec345b1d586 - - - - -] done
2018-05-26 16:09:11.001 19552 INFO migrate.versioning.api [req-8489ad7f-ce4d-4189-8188-0ec345b1d586 - - - - -] 370 -> 371... 
2018-05-26 16:09:11.009 19552 INFO migrate.versioning.api [req-8489ad7f-ce4d-4189-8188-0ec345b1d586 - - - - -] done
2018-05-26 16:09:11.009 19552 INFO migrate.versioning.api [req-8489ad7f-ce4d-4189-8188-0ec345b1d586 - - - - -] 371 -> 372... 
2018-05-26 16:09:11.017 19552 INFO migrate.versioning.api [req-8489ad7f-ce4d-4189-8188-0ec345b1d586 - - - - -] done
2018-05-26 16:09:11.017 19552 INFO migrate.versioning.api [req-8489ad7f-ce4d-4189-8188-0ec345b1d586 - - - - -] 372 -> 373... 
2018-05-26 16:09:11.187 19552 INFO migrate.versioning.api [req-8489ad7f-ce4d-4189-8188-0ec345b1d586 - - - - -] done
2018-05-26 16:09:11.187 19552 INFO migrate.versioning.api [req-8489ad7f-ce4d-4189-8188-0ec345b1d586 - - - - -] 373 -> 374... 
2018-05-26 16:09:11.351 19552 INFO migrate.versioning.api [req-8489ad7f-ce4d-4189-8188-0ec345b1d586 - - - - -] done
2018-05-26 16:09:11.351 19552 INFO migrate.versioning.api [req-8489ad7f-ce4d-4189-8188-0ec345b1d586 - - - - -] 374 -> 375... 
2018-05-26 16:09:11.424 19552 INFO migrate.versioning.api [req-8489ad7f-ce4d-4189-8188-0ec345b1d586 - - - - -] done
2018-05-26 16:09:11.425 19552 INFO migrate.versioning.api [req-8489ad7f-ce4d-4189-8188-0ec345b1d586 - - - - -] 375 -> 376... 
2018-05-26 16:09:11.459 19552 INFO migrate.versioning.api [req-8489ad7f-ce4d-4189-8188-0ec345b1d586 - - - - -] done
2018-05-26 16:09:11.459 19552 INFO migrate.versioning.api [req-8489ad7f-ce4d-4189-8188-0ec345b1d586 - - - - -] 376 -> 377... 
2018-05-26 16:09:11.503 19552 INFO migrate.versioning.api [req-8489ad7f-ce4d-4189-8188-0ec345b1d586 - - - - -] done
2018-05-26 16:09:11.503 19552 INFO migrate.versioning.api [req-8489ad7f-ce4d-4189-8188-0ec345b1d586 - - - - -] 377 -> 378... 
2018-05-26 16:09:11.549 19552 INFO migrate.versioning.api [req-8489ad7f-ce4d-4189-8188-0ec345b1d586 - - - - -] done
