2018-05-26 16:09:29.497 19652 INFO oslo_service.service [req-3b412b6e-b653-4c50-88c9-b835d87789e1 - - - - -] Starting 9 workers
2018-05-26 16:09:29.509 19666 INFO nova.service [req-3b412b6e-b653-4c50-88c9-b835d87789e1 - - - - -] Starting conductor node (version 17.0.2-0.20180308161436.f41c24f.el7.centos)
2018-05-26 16:09:29.509 19665 INFO nova.service [req-3b412b6e-b653-4c50-88c9-b835d87789e1 - - - - -] Starting conductor node (version 17.0.2-0.20180308161436.f41c24f.el7.centos)
2018-05-26 16:09:29.513 19667 INFO nova.service [req-3b412b6e-b653-4c50-88c9-b835d87789e1 - - - - -] Starting conductor node (version 17.0.2-0.20180308161436.f41c24f.el7.centos)
2018-05-26 16:09:29.516 19668 INFO nova.service [req-3b412b6e-b653-4c50-88c9-b835d87789e1 - - - - -] Starting conductor node (version 17.0.2-0.20180308161436.f41c24f.el7.centos)
2018-05-26 16:09:29.519 19669 INFO nova.service [req-3b412b6e-b653-4c50-88c9-b835d87789e1 - - - - -] Starting conductor node (version 17.0.2-0.20180308161436.f41c24f.el7.centos)
2018-05-26 16:09:29.525 19670 INFO nova.service [req-3b412b6e-b653-4c50-88c9-b835d87789e1 - - - - -] Starting conductor node (version 17.0.2-0.20180308161436.f41c24f.el7.centos)
2018-05-26 16:09:29.530 19671 INFO nova.service [req-3b412b6e-b653-4c50-88c9-b835d87789e1 - - - - -] Starting conductor node (version 17.0.2-0.20180308161436.f41c24f.el7.centos)
2018-05-26 16:09:29.537 19652 WARNING oslo_config.cfg [req-3b412b6e-b653-4c50-88c9-b835d87789e1 - - - - -] Option "dhcp_domain" from group "DEFAULT" is deprecated for removal (nova-network is deprecated, as are any related configuration options.).  Its value may be silently ignored in the future.
2018-05-26 16:09:29.539 19652 WARNING oslo_config.cfg [req-3b412b6e-b653-4c50-88c9-b835d87789e1 - - - - -] Option "dhcpbridge" from group "DEFAULT" is deprecated for removal (nova-network is deprecated, as are any related configuration options.).  Its value may be silently ignored in the future.
2018-05-26 16:09:29.540 19652 WARNING oslo_config.cfg [req-3b412b6e-b653-4c50-88c9-b835d87789e1 - - - - -] Option "dhcpbridge_flagfile" from group "DEFAULT" is deprecated for removal (nova-network is deprecated, as are any related configuration options.).  Its value may be silently ignored in the future.
2018-05-26 16:09:29.541 19673 INFO nova.service [req-3b412b6e-b653-4c50-88c9-b835d87789e1 - - - - -] Starting conductor node (version 17.0.2-0.20180308161436.f41c24f.el7.centos)
2018-05-26 16:09:29.542 19652 WARNING oslo_config.cfg [req-3b412b6e-b653-4c50-88c9-b835d87789e1 - - - - -] Option "firewall_driver" from group "DEFAULT" is deprecated for removal (nova-network is deprecated, as are any related configuration options.).  Its value may be silently ignored in the future.
2018-05-26 16:09:29.543 19652 WARNING oslo_config.cfg [req-3b412b6e-b653-4c50-88c9-b835d87789e1 - - - - -] Option "force_dhcp_release" from group "DEFAULT" is deprecated for removal (nova-network is deprecated, as are any related configuration options.).  Its value may be silently ignored in the future.
2018-05-26 16:09:29.545 19672 INFO nova.service [req-3b412b6e-b653-4c50-88c9-b835d87789e1 - - - - -] Starting conductor node (version 17.0.2-0.20180308161436.f41c24f.el7.centos)
2018-05-26 16:09:29.558 19652 WARNING oslo_config.cfg [req-3b412b6e-b653-4c50-88c9-b835d87789e1 - - - - -] Option "use_baremetal_filters" from group "filter_scheduler" is deprecated for removal (These filters were used to overcome some of the baremetal schedulinglimitations in Nova prior to the use of the Placement API. Now scheduling willuse the custom resource class defined for each baremetal node to make itsselection.).  Its value may be silently ignored in the future.
2018-05-26 16:09:29.559 19652 WARNING oslo_config.cfg [req-3b412b6e-b653-4c50-88c9-b835d87789e1 - - - - -] Option "api_endpoint" from group "ironic" is deprecated for removal (Endpoint lookup uses the service catalog via common keystoneauth1 Adapter configuration options. In the current release, api_endpoint will override this behavior, but will be ignored and/or removed in a future release. To achieve the same result, use the endpoint_override option instead.).  Its value may be silently ignored in the future.
2018-05-26 16:09:29.560 19652 WARNING oslo_config.cfg [req-3b412b6e-b653-4c50-88c9-b835d87789e1 - - - - -] Option "auth_plugin" from group "ironic" is deprecated. Use option "auth_type" from group "ironic".
2018-05-26 16:09:29.561 19652 WARNING oslo_config.cfg [req-3b412b6e-b653-4c50-88c9-b835d87789e1 - - - - -] Option "api_endpoint" from group "ironic" is deprecated. Use option "endpoint-override" from group "ironic".
2018-05-26 16:09:29.575 19652 WARNING oslo_config.cfg [req-3b412b6e-b653-4c50-88c9-b835d87789e1 - - - - -] Option "url" from group "neutron" is deprecated for removal (Endpoint lookup uses the service catalog via common keystoneauth1 Adapter configuration options. In the current release, "url" will override this behavior, but will be ignored and/or removed in a future release. To achieve the same result, use the endpoint_override option instead.).  Its value may be silently ignored in the future.
2018-05-26 16:09:29.587 19652 WARNING oslo_config.cfg [req-3b412b6e-b653-4c50-88c9-b835d87789e1 - - - - -] Option "os_region_name" from group "placement" is deprecated for removal (Endpoint lookup uses the service catalog via common keystoneauth1 Adapter configuration options.  Use the region_name option instead.).  Its value may be silently ignored in the future.
2018-05-26 16:09:29.587 19652 WARNING oslo_config.cfg [req-3b412b6e-b653-4c50-88c9-b835d87789e1 - - - - -] Option "os_region_name" from group "placement" is deprecated. Use option "region-name" from group "placement".
2018-05-26 16:19:09.588 19652 INFO oslo_service.service [req-3b412b6e-b653-4c50-88c9-b835d87789e1 - - - - -] Caught SIGTERM, stopping children
2018-05-26 16:19:09.603 19652 INFO oslo_service.service [req-3b412b6e-b653-4c50-88c9-b835d87789e1 - - - - -] Waiting on 9 children to exit
2018-05-26 16:19:09.642 19652 INFO oslo_service.service [req-3b412b6e-b653-4c50-88c9-b835d87789e1 - - - - -] Child 19667 killed by signal 15
2018-05-26 16:19:09.642 19652 INFO oslo_service.service [req-3b412b6e-b653-4c50-88c9-b835d87789e1 - - - - -] Child 19666 killed by signal 15
2018-05-26 16:19:09.643 19652 INFO oslo_service.service [req-3b412b6e-b653-4c50-88c9-b835d87789e1 - - - - -] Child 19668 killed by signal 15
2018-05-26 16:19:09.644 19652 INFO oslo_service.service [req-3b412b6e-b653-4c50-88c9-b835d87789e1 - - - - -] Child 19665 killed by signal 15
2018-05-26 16:19:09.644 19652 INFO oslo_service.service [req-3b412b6e-b653-4c50-88c9-b835d87789e1 - - - - -] Child 19669 killed by signal 15
2018-05-26 16:19:09.645 19652 INFO oslo_service.service [req-3b412b6e-b653-4c50-88c9-b835d87789e1 - - - - -] Child 19670 killed by signal 15
2018-05-26 16:19:09.646 19652 INFO oslo_service.service [req-3b412b6e-b653-4c50-88c9-b835d87789e1 - - - - -] Child 19671 killed by signal 15
2018-05-26 16:19:09.646 19652 INFO oslo_service.service [req-3b412b6e-b653-4c50-88c9-b835d87789e1 - - - - -] Child 19672 killed by signal 15
2018-05-26 16:19:09.647 19652 INFO oslo_service.service [req-3b412b6e-b653-4c50-88c9-b835d87789e1 - - - - -] Child 19673 killed by signal 15
2018-05-26 16:19:13.793 26636 INFO oslo_service.service [req-76da8cc0-fa54-4da5-8c74-4e45eefa88a9 - - - - -] Starting 9 workers
2018-05-26 16:19:13.803 26671 INFO nova.service [req-76da8cc0-fa54-4da5-8c74-4e45eefa88a9 - - - - -] Starting conductor node (version 17.0.2-0.20180308161436.f41c24f.el7.centos)
2018-05-26 16:19:13.804 26672 INFO nova.service [req-76da8cc0-fa54-4da5-8c74-4e45eefa88a9 - - - - -] Starting conductor node (version 17.0.2-0.20180308161436.f41c24f.el7.centos)
2018-05-26 16:19:13.807 26673 INFO nova.service [req-76da8cc0-fa54-4da5-8c74-4e45eefa88a9 - - - - -] Starting conductor node (version 17.0.2-0.20180308161436.f41c24f.el7.centos)
2018-05-26 16:19:13.811 26675 INFO nova.service [req-76da8cc0-fa54-4da5-8c74-4e45eefa88a9 - - - - -] Starting conductor node (version 17.0.2-0.20180308161436.f41c24f.el7.centos)
2018-05-26 16:19:13.811 26674 INFO nova.service [req-76da8cc0-fa54-4da5-8c74-4e45eefa88a9 - - - - -] Starting conductor node (version 17.0.2-0.20180308161436.f41c24f.el7.centos)
2018-05-26 16:19:13.819 26677 INFO nova.service [req-76da8cc0-fa54-4da5-8c74-4e45eefa88a9 - - - - -] Starting conductor node (version 17.0.2-0.20180308161436.f41c24f.el7.centos)
2018-05-26 16:19:13.819 26676 INFO nova.service [req-76da8cc0-fa54-4da5-8c74-4e45eefa88a9 - - - - -] Starting conductor node (version 17.0.2-0.20180308161436.f41c24f.el7.centos)
2018-05-26 16:19:13.824 26678 INFO nova.service [req-76da8cc0-fa54-4da5-8c74-4e45eefa88a9 - - - - -] Starting conductor node (version 17.0.2-0.20180308161436.f41c24f.el7.centos)
2018-05-26 16:19:13.825 26636 WARNING oslo_config.cfg [req-76da8cc0-fa54-4da5-8c74-4e45eefa88a9 - - - - -] Option "dhcp_domain" from group "DEFAULT" is deprecated for removal (nova-network is deprecated, as are any related configuration options.).  Its value may be silently ignored in the future.
2018-05-26 16:19:13.827 26636 WARNING oslo_config.cfg [req-76da8cc0-fa54-4da5-8c74-4e45eefa88a9 - - - - -] Option "dhcpbridge" from group "DEFAULT" is deprecated for removal (nova-network is deprecated, as are any related configuration options.).  Its value may be silently ignored in the future.
2018-05-26 16:19:13.828 26636 WARNING oslo_config.cfg [req-76da8cc0-fa54-4da5-8c74-4e45eefa88a9 - - - - -] Option "dhcpbridge_flagfile" from group "DEFAULT" is deprecated for removal (nova-network is deprecated, as are any related configuration options.).  Its value may be silently ignored in the future.
2018-05-26 16:19:13.828 26679 INFO nova.service [req-76da8cc0-fa54-4da5-8c74-4e45eefa88a9 - - - - -] Starting conductor node (version 17.0.2-0.20180308161436.f41c24f.el7.centos)
2018-05-26 16:19:13.830 26636 WARNING oslo_config.cfg [req-76da8cc0-fa54-4da5-8c74-4e45eefa88a9 - - - - -] Option "firewall_driver" from group "DEFAULT" is deprecated for removal (nova-network is deprecated, as are any related configuration options.).  Its value may be silently ignored in the future.
2018-05-26 16:19:13.831 26636 WARNING oslo_config.cfg [req-76da8cc0-fa54-4da5-8c74-4e45eefa88a9 - - - - -] Option "force_dhcp_release" from group "DEFAULT" is deprecated for removal (nova-network is deprecated, as are any related configuration options.).  Its value may be silently ignored in the future.
2018-05-26 16:19:13.852 26636 WARNING oslo_config.cfg [req-76da8cc0-fa54-4da5-8c74-4e45eefa88a9 - - - - -] Option "use_baremetal_filters" from group "filter_scheduler" is deprecated for removal (These filters were used to overcome some of the baremetal schedulinglimitations in Nova prior to the use of the Placement API. Now scheduling willuse the custom resource class defined for each baremetal node to make itsselection.).  Its value may be silently ignored in the future.
2018-05-26 16:19:13.853 26636 WARNING oslo_config.cfg [req-76da8cc0-fa54-4da5-8c74-4e45eefa88a9 - - - - -] Option "api_endpoint" from group "ironic" is deprecated for removal (Endpoint lookup uses the service catalog via common keystoneauth1 Adapter configuration options. In the current release, api_endpoint will override this behavior, but will be ignored and/or removed in a future release. To achieve the same result, use the endpoint_override option instead.).  Its value may be silently ignored in the future.
2018-05-26 16:19:13.855 26636 WARNING oslo_config.cfg [req-76da8cc0-fa54-4da5-8c74-4e45eefa88a9 - - - - -] Option "auth_plugin" from group "ironic" is deprecated. Use option "auth_type" from group "ironic".
2018-05-26 16:19:13.855 26636 WARNING oslo_config.cfg [req-76da8cc0-fa54-4da5-8c74-4e45eefa88a9 - - - - -] Option "api_endpoint" from group "ironic" is deprecated. Use option "endpoint-override" from group "ironic".
2018-05-26 16:19:13.867 26636 WARNING oslo_config.cfg [req-76da8cc0-fa54-4da5-8c74-4e45eefa88a9 - - - - -] Option "url" from group "neutron" is deprecated for removal (Endpoint lookup uses the service catalog via common keystoneauth1 Adapter configuration options. In the current release, "url" will override this behavior, but will be ignored and/or removed in a future release. To achieve the same result, use the endpoint_override option instead.).  Its value may be silently ignored in the future.
2018-05-26 16:19:13.877 26636 WARNING oslo_config.cfg [req-76da8cc0-fa54-4da5-8c74-4e45eefa88a9 - - - - -] Option "os_region_name" from group "placement" is deprecated for removal (Endpoint lookup uses the service catalog via common keystoneauth1 Adapter configuration options.  Use the region_name option instead.).  Its value may be silently ignored in the future.
2018-05-26 16:19:13.878 26636 WARNING oslo_config.cfg [req-76da8cc0-fa54-4da5-8c74-4e45eefa88a9 - - - - -] Option "os_region_name" from group "placement" is deprecated. Use option "region-name" from group "placement".
2018-05-26 16:23:20.853 26636 INFO oslo_service.service [req-76da8cc0-fa54-4da5-8c74-4e45eefa88a9 - - - - -] Caught SIGTERM, stopping children
2018-05-26 16:23:20.854 26636 INFO oslo_service.service [req-76da8cc0-fa54-4da5-8c74-4e45eefa88a9 - - - - -] Waiting on 9 children to exit
2018-05-26 16:23:20.881 26636 INFO oslo_service.service [req-76da8cc0-fa54-4da5-8c74-4e45eefa88a9 - - - - -] Child 26676 killed by signal 15
2018-05-26 16:23:20.882 26636 INFO oslo_service.service [req-76da8cc0-fa54-4da5-8c74-4e45eefa88a9 - - - - -] Child 26671 killed by signal 15
2018-05-26 16:23:20.882 26636 INFO oslo_service.service [req-76da8cc0-fa54-4da5-8c74-4e45eefa88a9 - - - - -] Child 26678 killed by signal 15
2018-05-26 16:23:20.883 26636 INFO oslo_service.service [req-76da8cc0-fa54-4da5-8c74-4e45eefa88a9 - - - - -] Child 26674 killed by signal 15
2018-05-26 16:23:20.883 26636 INFO oslo_service.service [req-76da8cc0-fa54-4da5-8c74-4e45eefa88a9 - - - - -] Child 26677 killed by signal 15
2018-05-26 16:23:20.884 26636 INFO oslo_service.service [req-76da8cc0-fa54-4da5-8c74-4e45eefa88a9 - - - - -] Child 26672 killed by signal 15
2018-05-26 16:23:20.884 26636 INFO oslo_service.service [req-76da8cc0-fa54-4da5-8c74-4e45eefa88a9 - - - - -] Child 26673 killed by signal 15
2018-05-26 16:23:20.885 26636 INFO oslo_service.service [req-76da8cc0-fa54-4da5-8c74-4e45eefa88a9 - - - - -] Child 26675 killed by signal 15
2018-05-26 16:23:20.885 26636 INFO oslo_service.service [req-76da8cc0-fa54-4da5-8c74-4e45eefa88a9 - - - - -] Child 26679 killed by signal 15
2018-05-26 16:23:24.952 28491 INFO oslo_service.service [req-2c99d6b4-e14e-4b06-be57-e2a2e99d280c - - - - -] Starting 16 workers
2018-05-26 16:23:24.964 28509 INFO nova.service [req-2c99d6b4-e14e-4b06-be57-e2a2e99d280c - - - - -] Starting conductor node (version 17.0.2-0.20180308161436.f41c24f.el7.centos)
2018-05-26 16:23:24.964 28508 INFO nova.service [req-2c99d6b4-e14e-4b06-be57-e2a2e99d280c - - - - -] Starting conductor node (version 17.0.2-0.20180308161436.f41c24f.el7.centos)
2018-05-26 16:23:24.967 28510 INFO nova.service [req-2c99d6b4-e14e-4b06-be57-e2a2e99d280c - - - - -] Starting conductor node (version 17.0.2-0.20180308161436.f41c24f.el7.centos)
2018-05-26 16:23:24.969 28511 INFO nova.service [req-2c99d6b4-e14e-4b06-be57-e2a2e99d280c - - - - -] Starting conductor node (version 17.0.2-0.20180308161436.f41c24f.el7.centos)
2018-05-26 16:23:24.971 28512 INFO nova.service [req-2c99d6b4-e14e-4b06-be57-e2a2e99d280c - - - - -] Starting conductor node (version 17.0.2-0.20180308161436.f41c24f.el7.centos)
2018-05-26 16:23:24.973 28513 INFO nova.service [req-2c99d6b4-e14e-4b06-be57-e2a2e99d280c - - - - -] Starting conductor node (version 17.0.2-0.20180308161436.f41c24f.el7.centos)
2018-05-26 16:23:24.976 28514 INFO nova.service [req-2c99d6b4-e14e-4b06-be57-e2a2e99d280c - - - - -] Starting conductor node (version 17.0.2-0.20180308161436.f41c24f.el7.centos)
2018-05-26 16:23:24.982 28516 INFO nova.service [req-2c99d6b4-e14e-4b06-be57-e2a2e99d280c - - - - -] Starting conductor node (version 17.0.2-0.20180308161436.f41c24f.el7.centos)
2018-05-26 16:23:24.983 28515 INFO nova.service [req-2c99d6b4-e14e-4b06-be57-e2a2e99d280c - - - - -] Starting conductor node (version 17.0.2-0.20180308161436.f41c24f.el7.centos)
2018-05-26 16:23:24.985 28517 INFO nova.service [req-2c99d6b4-e14e-4b06-be57-e2a2e99d280c - - - - -] Starting conductor node (version 17.0.2-0.20180308161436.f41c24f.el7.centos)
2018-05-26 16:23:24.990 28519 INFO nova.service [req-2c99d6b4-e14e-4b06-be57-e2a2e99d280c - - - - -] Starting conductor node (version 17.0.2-0.20180308161436.f41c24f.el7.centos)
2018-05-26 16:23:24.991 28518 INFO nova.service [req-2c99d6b4-e14e-4b06-be57-e2a2e99d280c - - - - -] Starting conductor node (version 17.0.2-0.20180308161436.f41c24f.el7.centos)
2018-05-26 16:23:24.999 28521 INFO nova.service [req-2c99d6b4-e14e-4b06-be57-e2a2e99d280c - - - - -] Starting conductor node (version 17.0.2-0.20180308161436.f41c24f.el7.centos)
2018-05-26 16:23:24.999 28491 WARNING oslo_config.cfg [req-2c99d6b4-e14e-4b06-be57-e2a2e99d280c - - - - -] Option "dhcp_domain" from group "DEFAULT" is deprecated for removal (nova-network is deprecated, as are any related configuration options.).  Its value may be silently ignored in the future.
2018-05-26 16:23:24.999 28520 INFO nova.service [req-2c99d6b4-e14e-4b06-be57-e2a2e99d280c - - - - -] Starting conductor node (version 17.0.2-0.20180308161436.f41c24f.el7.centos)
2018-05-26 16:23:25.000 28491 WARNING oslo_config.cfg [req-2c99d6b4-e14e-4b06-be57-e2a2e99d280c - - - - -] Option "dhcpbridge" from group "DEFAULT" is deprecated for removal (nova-network is deprecated, as are any related configuration options.).  Its value may be silently ignored in the future.
2018-05-26 16:23:25.001 28491 WARNING oslo_config.cfg [req-2c99d6b4-e14e-4b06-be57-e2a2e99d280c - - - - -] Option "dhcpbridge_flagfile" from group "DEFAULT" is deprecated for removal (nova-network is deprecated, as are any related configuration options.).  Its value may be silently ignored in the future.
2018-05-26 16:23:25.001 28522 INFO nova.service [req-2c99d6b4-e14e-4b06-be57-e2a2e99d280c - - - - -] Starting conductor node (version 17.0.2-0.20180308161436.f41c24f.el7.centos)
2018-05-26 16:23:25.002 28491 WARNING oslo_config.cfg [req-2c99d6b4-e14e-4b06-be57-e2a2e99d280c - - - - -] Option "firewall_driver" from group "DEFAULT" is deprecated for removal (nova-network is deprecated, as are any related configuration options.).  Its value may be silently ignored in the future.
2018-05-26 16:23:25.003 28491 WARNING oslo_config.cfg [req-2c99d6b4-e14e-4b06-be57-e2a2e99d280c - - - - -] Option "force_dhcp_release" from group "DEFAULT" is deprecated for removal (nova-network is deprecated, as are any related configuration options.).  Its value may be silently ignored in the future.
2018-05-26 16:23:25.004 28523 INFO nova.service [req-2c99d6b4-e14e-4b06-be57-e2a2e99d280c - - - - -] Starting conductor node (version 17.0.2-0.20180308161436.f41c24f.el7.centos)
2018-05-26 16:23:25.015 28491 WARNING oslo_config.cfg [req-2c99d6b4-e14e-4b06-be57-e2a2e99d280c - - - - -] Option "use_baremetal_filters" from group "filter_scheduler" is deprecated for removal (These filters were used to overcome some of the baremetal scheduling limitations in Nova prior to the use of the Placement API. Now scheduling will use the custom resource class defined for each baremetal node to make its selection.).  Its value may be silently ignored in the future.
2018-05-26 16:23:25.016 28491 WARNING oslo_config.cfg [req-2c99d6b4-e14e-4b06-be57-e2a2e99d280c - - - - -] Option "api_endpoint" from group "ironic" is deprecated for removal (Endpoint lookup uses the service catalog via common keystoneauth1 Adapter configuration options. In the current release, api_endpoint will override this behavior, but will be ignored and/or removed in a future release. To achieve the same result, use the endpoint_override option instead.).  Its value may be silently ignored in the future.
2018-05-26 16:23:25.017 28491 WARNING oslo_config.cfg [req-2c99d6b4-e14e-4b06-be57-e2a2e99d280c - - - - -] Option "auth_plugin" from group "ironic" is deprecated. Use option "auth_type" from group "ironic".
2018-05-26 16:23:25.017 28491 WARNING oslo_config.cfg [req-2c99d6b4-e14e-4b06-be57-e2a2e99d280c - - - - -] Option "api_endpoint" from group "ironic" is deprecated. Use option "endpoint-override" from group "ironic".
2018-05-26 16:23:25.029 28491 WARNING oslo_config.cfg [req-2c99d6b4-e14e-4b06-be57-e2a2e99d280c - - - - -] Option "url" from group "neutron" is deprecated for removal (Endpoint lookup uses the service catalog via common keystoneauth1 Adapter configuration options. In the current release, "url" will override this behavior, but will be ignored and/or removed in a future release. To achieve the same result, use the endpoint_override option instead.).  Its value may be silently ignored in the future.
2018-05-26 16:23:25.040 28491 WARNING oslo_config.cfg [req-2c99d6b4-e14e-4b06-be57-e2a2e99d280c - - - - -] Option "os_region_name" from group "placement" is deprecated for removal (Endpoint lookup uses the service catalog via common keystoneauth1 Adapter configuration options.  Use the region_name option instead.).  Its value may be silently ignored in the future.
2018-05-26 16:23:25.040 28491 WARNING oslo_config.cfg [req-2c99d6b4-e14e-4b06-be57-e2a2e99d280c - - - - -] Option "os_region_name" from group "placement" is deprecated. Use option "region-name" from group "placement".
2018-05-26 16:40:22.333 28491 INFO oslo_service.service [req-2c99d6b4-e14e-4b06-be57-e2a2e99d280c - - - - -] Caught SIGTERM, stopping children
2018-05-26 16:40:22.335 28491 INFO oslo_service.service [req-2c99d6b4-e14e-4b06-be57-e2a2e99d280c - - - - -] Waiting on 16 children to exit
2018-05-26 16:40:22.380 28491 INFO oslo_service.service [req-2c99d6b4-e14e-4b06-be57-e2a2e99d280c - - - - -] Child 28511 killed by signal 15
2018-05-26 16:40:22.381 28491 INFO oslo_service.service [req-2c99d6b4-e14e-4b06-be57-e2a2e99d280c - - - - -] Child 28522 killed by signal 15
2018-05-26 16:40:22.383 28491 INFO oslo_service.service [req-2c99d6b4-e14e-4b06-be57-e2a2e99d280c - - - - -] Child 28519 killed by signal 15
2018-05-26 16:40:22.383 28491 INFO oslo_service.service [req-2c99d6b4-e14e-4b06-be57-e2a2e99d280c - - - - -] Child 28517 killed by signal 15
2018-05-26 16:40:22.384 28491 INFO oslo_service.service [req-2c99d6b4-e14e-4b06-be57-e2a2e99d280c - - - - -] Child 28523 killed by signal 15
2018-05-26 16:40:22.384 28491 INFO oslo_service.service [req-2c99d6b4-e14e-4b06-be57-e2a2e99d280c - - - - -] Child 28510 killed by signal 15
2018-05-26 16:40:22.385 28491 INFO oslo_service.service [req-2c99d6b4-e14e-4b06-be57-e2a2e99d280c - - - - -] Child 28518 killed by signal 15
2018-05-26 16:40:22.387 28491 INFO oslo_service.service [req-2c99d6b4-e14e-4b06-be57-e2a2e99d280c - - - - -] Child 28513 killed by signal 15
2018-05-26 16:40:22.388 28491 INFO oslo_service.service [req-2c99d6b4-e14e-4b06-be57-e2a2e99d280c - - - - -] Child 28508 killed by signal 15
2018-05-26 16:40:22.390 28491 INFO oslo_service.service [req-2c99d6b4-e14e-4b06-be57-e2a2e99d280c - - - - -] Child 28516 killed by signal 15
2018-05-26 16:40:22.391 28491 INFO oslo_service.service [req-2c99d6b4-e14e-4b06-be57-e2a2e99d280c - - - - -] Child 28515 killed by signal 15
2018-05-26 16:40:22.392 28491 INFO oslo_service.service [req-2c99d6b4-e14e-4b06-be57-e2a2e99d280c - - - - -] Child 28514 killed by signal 15
2018-05-26 16:40:22.393 28491 INFO oslo_service.service [req-2c99d6b4-e14e-4b06-be57-e2a2e99d280c - - - - -] Child 28520 killed by signal 15
2018-05-26 16:40:22.394 28491 INFO oslo_service.service [req-2c99d6b4-e14e-4b06-be57-e2a2e99d280c - - - - -] Child 28509 killed by signal 15
2018-05-26 16:40:22.395 28491 INFO oslo_service.service [req-2c99d6b4-e14e-4b06-be57-e2a2e99d280c - - - - -] Child 28521 killed by signal 15
2018-05-26 16:40:22.398 28491 INFO oslo_service.service [req-2c99d6b4-e14e-4b06-be57-e2a2e99d280c - - - - -] Child 28512 killed by signal 15
2018-05-26 16:40:26.639 13675 INFO oslo_service.service [req-73021721-3ae8-4116-929a-d68bc0d147d8 - - - - -] Starting 16 workers
2018-05-26 16:40:26.651 13700 INFO nova.service [req-73021721-3ae8-4116-929a-d68bc0d147d8 - - - - -] Starting conductor node (version 17.0.2-0.20180308161436.f41c24f.el7.centos)
2018-05-26 16:40:26.653 13701 INFO nova.service [req-73021721-3ae8-4116-929a-d68bc0d147d8 - - - - -] Starting conductor node (version 17.0.2-0.20180308161436.f41c24f.el7.centos)
2018-05-26 16:40:26.656 13703 INFO nova.service [req-73021721-3ae8-4116-929a-d68bc0d147d8 - - - - -] Starting conductor node (version 17.0.2-0.20180308161436.f41c24f.el7.centos)
2018-05-26 16:40:26.656 13702 INFO nova.service [req-73021721-3ae8-4116-929a-d68bc0d147d8 - - - - -] Starting conductor node (version 17.0.2-0.20180308161436.f41c24f.el7.centos)
2018-05-26 16:40:26.660 13705 INFO nova.service [req-73021721-3ae8-4116-929a-d68bc0d147d8 - - - - -] Starting conductor node (version 17.0.2-0.20180308161436.f41c24f.el7.centos)
2018-05-26 16:40:26.661 13704 INFO nova.service [req-73021721-3ae8-4116-929a-d68bc0d147d8 - - - - -] Starting conductor node (version 17.0.2-0.20180308161436.f41c24f.el7.centos)
2018-05-26 16:40:26.667 13706 INFO nova.service [req-73021721-3ae8-4116-929a-d68bc0d147d8 - - - - -] Starting conductor node (version 17.0.2-0.20180308161436.f41c24f.el7.centos)
2018-05-26 16:40:26.668 13708 INFO nova.service [req-73021721-3ae8-4116-929a-d68bc0d147d8 - - - - -] Starting conductor node (version 17.0.2-0.20180308161436.f41c24f.el7.centos)
2018-05-26 16:40:26.669 13707 INFO nova.service [req-73021721-3ae8-4116-929a-d68bc0d147d8 - - - - -] Starting conductor node (version 17.0.2-0.20180308161436.f41c24f.el7.centos)
2018-05-26 16:40:26.673 13709 INFO nova.service [req-73021721-3ae8-4116-929a-d68bc0d147d8 - - - - -] Starting conductor node (version 17.0.2-0.20180308161436.f41c24f.el7.centos)
2018-05-26 16:40:26.674 13710 INFO nova.service [req-73021721-3ae8-4116-929a-d68bc0d147d8 - - - - -] Starting conductor node (version 17.0.2-0.20180308161436.f41c24f.el7.centos)
2018-05-26 16:40:26.680 13711 INFO nova.service [req-73021721-3ae8-4116-929a-d68bc0d147d8 - - - - -] Starting conductor node (version 17.0.2-0.20180308161436.f41c24f.el7.centos)
2018-05-26 16:40:26.685 13712 INFO nova.service [req-73021721-3ae8-4116-929a-d68bc0d147d8 - - - - -] Starting conductor node (version 17.0.2-0.20180308161436.f41c24f.el7.centos)
2018-05-26 16:40:26.688 13713 INFO nova.service [req-73021721-3ae8-4116-929a-d68bc0d147d8 - - - - -] Starting conductor node (version 17.0.2-0.20180308161436.f41c24f.el7.centos)
2018-05-26 16:40:26.691 13714 INFO nova.service [req-73021721-3ae8-4116-929a-d68bc0d147d8 - - - - -] Starting conductor node (version 17.0.2-0.20180308161436.f41c24f.el7.centos)
2018-05-26 16:40:26.691 13675 WARNING oslo_config.cfg [req-73021721-3ae8-4116-929a-d68bc0d147d8 - - - - -] Option "dhcp_domain" from group "DEFAULT" is deprecated for removal (nova-network is deprecated, as are any related configuration options.).  Its value may be silently ignored in the future.
2018-05-26 16:40:26.694 13675 WARNING oslo_config.cfg [req-73021721-3ae8-4116-929a-d68bc0d147d8 - - - - -] Option "dhcpbridge" from group "DEFAULT" is deprecated for removal (nova-network is deprecated, as are any related configuration options.).  Its value may be silently ignored in the future.
2018-05-26 16:40:26.694 13675 WARNING oslo_config.cfg [req-73021721-3ae8-4116-929a-d68bc0d147d8 - - - - -] Option "dhcpbridge_flagfile" from group "DEFAULT" is deprecated for removal (nova-network is deprecated, as are any related configuration options.).  Its value may be silently ignored in the future.
2018-05-26 16:40:26.696 13715 INFO nova.service [req-73021721-3ae8-4116-929a-d68bc0d147d8 - - - - -] Starting conductor node (version 17.0.2-0.20180308161436.f41c24f.el7.centos)
2018-05-26 16:40:26.698 13675 WARNING oslo_config.cfg [req-73021721-3ae8-4116-929a-d68bc0d147d8 - - - - -] Option "firewall_driver" from group "DEFAULT" is deprecated for removal (nova-network is deprecated, as are any related configuration options.).  Its value may be silently ignored in the future.
2018-05-26 16:40:26.699 13675 WARNING oslo_config.cfg [req-73021721-3ae8-4116-929a-d68bc0d147d8 - - - - -] Option "force_dhcp_release" from group "DEFAULT" is deprecated for removal (nova-network is deprecated, as are any related configuration options.).  Its value may be silently ignored in the future.
2018-05-26 16:40:26.727 13675 WARNING oslo_config.cfg [req-73021721-3ae8-4116-929a-d68bc0d147d8 - - - - -] Option "use_baremetal_filters" from group "filter_scheduler" is deprecated for removal (These filters were used to overcome some of the baremetal schedulinglimitations in Nova prior to the use of the Placement API. Now scheduling willuse the custom resource class defined for each baremetal node to make its selection.).  Its value may be silently ignored in the future.
2018-05-26 16:40:26.729 13675 WARNING oslo_config.cfg [req-73021721-3ae8-4116-929a-d68bc0d147d8 - - - - -] Option "api_endpoint" from group "ironic" is deprecated for removal (Endpoint lookup uses the service catalog via common keystoneauth1 Adapter configuration options. In the current release, api_endpoint will override this behavior, but will be ignored and/or removed in a future release. To achieve the same result, use the endpoint_override option instead.).  Its value may be silently ignored in the future.
2018-05-26 16:40:26.731 13675 WARNING oslo_config.cfg [req-73021721-3ae8-4116-929a-d68bc0d147d8 - - - - -] Option "auth_plugin" from group "ironic" is deprecated. Use option "auth_type" from group "ironic".
2018-05-26 16:40:26.733 13675 WARNING oslo_config.cfg [req-73021721-3ae8-4116-929a-d68bc0d147d8 - - - - -] Option "api_endpoint" from group "ironic" is deprecated. Use option "endpoint-override" from group "ironic".
2018-05-26 16:40:26.756 13675 WARNING oslo_config.cfg [req-73021721-3ae8-4116-929a-d68bc0d147d8 - - - - -] Option "url" from group "neutron" is deprecated for removal (Endpoint lookup uses the service catalog via common keystoneauth1 Adapter configuration options. In the current release, "url" will override this behavior, but will be ignored and/or removed in a future release. To achieve the same result, use the endpoint_override option instead.).  Its value may be silently ignored in the future.
2018-05-26 16:40:26.778 13675 WARNING oslo_config.cfg [req-73021721-3ae8-4116-929a-d68bc0d147d8 - - - - -] Option "os_region_name" from group "placement" is deprecated for removal (Endpoint lookup uses the service catalog via common keystoneauth1 Adapter configuration options.  Use the region_name option instead.).  Its value may be silently ignored in the future.
2018-05-26 16:40:26.779 13675 WARNING oslo_config.cfg [req-73021721-3ae8-4116-929a-d68bc0d147d8 - - - - -] Option "os_region_name" from group "placement" is deprecated. Use option "region-name" from group "placement".
